#
# There is insufficient memory for the Java Runtime Environment to continue.
# Native memory allocation (mmap) failed to map 70254592 bytes. Error detail: G1 virtual space
# Possible reasons:
#   The system is out of physical RAM or swap space
#   This process is running with CompressedOops enabled, and the Java Heap may be blocking the growth of the native heap
# Possible solutions:
#   Reduce memory load on the system
#   Increase physical memory or swap space
#   Check if swap backing store is full
#   Decrease Java heap size (-Xmx/-Xms)
#   Decrease number of Java threads
#   Decrease Java thread stack sizes (-Xss)
#   Set larger code cache with -XX:ReservedCodeCacheSize=
#   JVM is running with Unscaled Compressed Oops mode in which the Java heap is
#     placed in the first 4GB address space. The Java Heap base address is the
#     maximum limit for the native heap growth. Please use -XX:HeapBaseMinAddress
#     to set the Java Heap base and to place the Java Heap above 4GB virtual address.
# This output file may be truncated or incomplete.
#
#  Out of Memory Error (os_windows.cpp:3925), pid=116836, tid=180132
#
# JRE version: OpenJDK Runtime Environment (21.0.8) (build 21.0.8+-14018985-b1038.68)
# Java VM: OpenJDK 64-Bit Server VM (21.0.8+-14018985-b1038.68, mixed mode, tiered, compressed oops, compressed class ptrs, g1 gc, windows-amd64)
# No core dump will be written. Minidumps are not enabled by default on client versions of Windows
#

---------------  S U M M A R Y ------------

Command Line: --add-opens=java.base/java.lang=ALL-UNNAMED --add-opens=java.base/java.lang.invoke=ALL-UNNAMED --add-opens=java.base/java.util=ALL-UNNAMED --add-opens=java.prefs/java.util.prefs=ALL-UNNAMED --add-exports=jdk.compiler/com.sun.tools.javac.api=ALL-UNNAMED --add-exports=jdk.compiler/com.sun.tools.javac.util=ALL-UNNAMED --add-opens=java.base/java.util=ALL-UNNAMED --add-opens=java.prefs/java.util.prefs=ALL-UNNAMED --add-opens=java.base/java.nio.charset=ALL-UNNAMED --add-opens=java.base/java.net=ALL-UNNAMED --add-opens=java.base/java.util.concurrent.atomic=ALL-UNNAMED --add-opens=java.xml/javax.xml.namespace=ALL-UNNAMED -Xmx2048m -Dfile.encoding=UTF-8 -Duser.country=US -Duser.language=en -Duser.variant -javaagent:C:\Users\Lenovo\.gradle\wrapper\dists\gradle-8.13-bin\5xuhj0ry160q40clulazy9h7d\gradle-8.13\lib\agents\gradle-instrumentation-agent-8.13.jar org.gradle.launcher.daemon.bootstrap.GradleDaemon 8.13

Host: AMD Ryzen 5 7520U with Radeon Graphics         , 8 cores, 5G,  Windows 11 , 64 bit Build 26100 (10.0.26100.7309)
Time: Sat Dec 20 19:28:09 2025 Nepal Standard Time elapsed time: 39.360095 seconds (0d 0h 0m 39s)

---------------  T H R E A D  ---------------

Current thread (0x00000176bc29e910):  VMThread "VM Thread"          [id=180132, stack(0x0000004b77000000,0x0000004b77100000) (1024K)]

Stack: [0x0000004b77000000,0x0000004b77100000]
Native frames: (J=compiled Java code, j=interpreted, Vv=VM code, C=native code)
V  [jvm.dll+0x6d68d9]
V  [jvm.dll+0x866693]
V  [jvm.dll+0x868c4e]
V  [jvm.dll+0x869333]
V  [jvm.dll+0x280566]
V  [jvm.dll+0x6d3195]
V  [jvm.dll+0x6c69ea]
V  [jvm.dll+0x3586db]
V  [jvm.dll+0x360336]
V  [jvm.dll+0x3b23f6]
V  [jvm.dll+0x3b26c8]
V  [jvm.dll+0x32ae6c]
V  [jvm.dll+0x32aef7]
V  [jvm.dll+0x370d3c]
V  [jvm.dll+0x36f4ee]
V  [jvm.dll+0x32a5c1]
V  [jvm.dll+0x36ebf0]
V  [jvm.dll+0x86f0b8]
V  [jvm.dll+0x870434]
V  [jvm.dll+0x870970]
V  [jvm.dll+0x870c03]
V  [jvm.dll+0x80eac8]
V  [jvm.dll+0x6d512d]
C  [ucrtbase.dll+0x37b0]
C  [KERNEL32.DLL+0x2e8d7]
C  [ntdll.dll+0x8c53c]

VM_Operation (0x0000004b785f73e0): G1CollectForAllocation, mode: safepoint, requested by thread 0x00000176db1f6a60


---------------  P R O C E S S  ---------------

Threads class SMR info:
_java_thread_list=0x00000176defb7450, length=73, elements={
0x00000176be67bde0, 0x00000176da0685a0, 0x00000176da06dfb0, 0x00000176da083930,
0x00000176da08d630, 0x00000176da08e090, 0x00000176da08eaf0, 0x00000176da08f550,
0x00000176da0912f0, 0x00000176da093fe0, 0x00000176da34bf40, 0x00000176dbbc0a40,
0x00000176dadf2a90, 0x00000176da28e3f0, 0x00000176dbe399e0, 0x00000176dbe6d830,
0x00000176db1f6020, 0x00000176db1f6a60, 0x00000176da3102b0, 0x00000176da310940,
0x00000176da310fd0, 0x00000176da30db50, 0x00000176da30e1e0, 0x00000176da30e870,
0x00000176da30f590, 0x00000176da30fc20, 0x00000176dc525ab0, 0x00000176dc524070,
0x00000176dc5274f0, 0x00000176dc526140, 0x00000176dc5267d0, 0x00000176dc526e60,
0x00000176dc524700, 0x00000176dc528210, 0x00000176dc524d90, 0x00000176dc525420,
0x00000176dc529c50, 0x00000176dc528f30, 0x00000176dc5295c0, 0x00000176dc52a2e0,
0x00000176dc52a970, 0x00000176dc52b000, 0x00000176dc52b690, 0x00000176de2effb0,
0x00000176de2f0640, 0x00000176de2ef920, 0x00000176de2f2080, 0x00000176de2f0cd0,
0x00000176de2f1360, 0x00000176de2f19f0, 0x00000176de2f2710, 0x00000176de2ef290,
0x00000176ddb8b3c0, 0x00000176ddb8ce00, 0x00000176ddb8db20, 0x00000176ddb8eed0,
0x00000176ddb8f560, 0x00000176ddb8fbf0, 0x00000176ddb8c770, 0x00000176ddb90280,
0x00000176ddb90910, 0x00000176ddb90fa0, 0x00000176ddb91630, 0x00000176dd3b27d0,
0x00000176dd3b34f0, 0x00000176dd3b0700, 0x00000176dd3b1420, 0x00000176dd3b1ab0,
0x00000176dd3b0070, 0x00000176dd3b3b80, 0x00000176dd3b4f30, 0x00000176dd3b4210,
0x00000176dd3b48a0
}

Java Threads: ( => current thread )
  0x00000176be67bde0 JavaThread "main"                              [_thread_blocked, id=177632, stack(0x0000004b76900000,0x0000004b76a00000) (1024K)]
  0x00000176da0685a0 JavaThread "Common-Cleaner"             daemon [_thread_blocked, id=180176, stack(0x0000004b77100000,0x0000004b77200000) (1024K)]
  0x00000176da06dfb0 JavaThread "Reference Handler"          daemon [_thread_blocked, id=180068, stack(0x0000004b77200000,0x0000004b77300000) (1024K)]
  0x00000176da083930 JavaThread "Finalizer"                  daemon [_thread_blocked, id=180184, stack(0x0000004b77300000,0x0000004b77400000) (1024K)]
  0x00000176da08d630 JavaThread "Signal Dispatcher"          daemon [_thread_blocked, id=168868, stack(0x0000004b77400000,0x0000004b77500000) (1024K)]
  0x00000176da08e090 JavaThread "Attach Listener"            daemon [_thread_blocked, id=177044, stack(0x0000004b77500000,0x0000004b77600000) (1024K)]
  0x00000176da08eaf0 JavaThread "Service Thread"             daemon [_thread_blocked, id=177312, stack(0x0000004b77600000,0x0000004b77700000) (1024K)]
  0x00000176da08f550 JavaThread "Monitor Deflation Thread"   daemon [_thread_blocked, id=179704, stack(0x0000004b77700000,0x0000004b77800000) (1024K)]
  0x00000176da0912f0 JavaThread "C2 CompilerThread0"         daemon [_thread_blocked, id=179700, stack(0x0000004b77800000,0x0000004b77900000) (1024K)]
  0x00000176da093fe0 JavaThread "C1 CompilerThread0"         daemon [_thread_blocked, id=179300, stack(0x0000004b77900000,0x0000004b77a00000) (1024K)]
  0x00000176da34bf40 JavaThread "Notification Thread"        daemon [_thread_blocked, id=180100, stack(0x0000004b77a00000,0x0000004b77b00000) (1024K)]
  0x00000176dbbc0a40 JavaThread "Daemon health stats"               [_thread_blocked, id=179440, stack(0x0000004b77f00000,0x0000004b78000000) (1024K)]
  0x00000176dadf2a90 JavaThread "Incoming local TCP Connector on port 55959"        [_thread_in_native, id=181220, stack(0x0000004b78000000,0x0000004b78100000) (1024K)]
  0x00000176da28e3f0 JavaThread "Daemon periodic checks"            [_thread_blocked, id=181216, stack(0x0000004b78100000,0x0000004b78200000) (1024K)]
  0x00000176dbe399e0 JavaThread "Daemon"                            [_thread_blocked, id=181136, stack(0x0000004b78200000,0x0000004b78300000) (1024K)]
  0x00000176dbe6d830 JavaThread "Handler for socket connection from /127.0.0.1:55959 to /127.0.0.1:55960"        [_thread_in_native, id=178644, stack(0x0000004b78300000,0x0000004b78400000) (1024K)]
  0x00000176db1f6020 JavaThread "Cancel handler"                    [_thread_blocked, id=180556, stack(0x0000004b78400000,0x0000004b78500000) (1024K)]
  0x00000176db1f6a60 JavaThread "Daemon worker"                     [_thread_blocked, id=181184, stack(0x0000004b78500000,0x0000004b78600000) (1024K)]
  0x00000176da3102b0 JavaThread "Asynchronous log dispatcher for DefaultDaemonConnection: socket connection from /127.0.0.1:55959 to /127.0.0.1:55960"        [_thread_blocked, id=181128, stack(0x0000004b78600000,0x0000004b78700000) (1024K)]
  0x00000176da310940 JavaThread "Stdin handler"                     [_thread_blocked, id=179872, stack(0x0000004b78700000,0x0000004b78800000) (1024K)]
  0x00000176da310fd0 JavaThread "Daemon client event forwarder"        [_thread_blocked, id=103444, stack(0x0000004b78800000,0x0000004b78900000) (1024K)]
  0x00000176da30db50 JavaThread "Cache worker for journal cache (C:\Users\Lenovo\.gradle\caches\journal-1)"        [_thread_blocked, id=181192, stack(0x0000004b78d00000,0x0000004b78e00000) (1024K)]
  0x00000176da30e1e0 JavaThread "File lock request listener"        [_thread_in_native, id=181224, stack(0x0000004b78e00000,0x0000004b78f00000) (1024K)]
  0x00000176da30e870 JavaThread "Cache worker for file hash cache (C:\Users\Lenovo\.gradle\caches\8.13\fileHashes)"        [_thread_blocked, id=181100, stack(0x0000004b78f00000,0x0000004b79000000) (1024K)]
  0x00000176da30f590 JavaThread "Cache worker for file hash cache (C:\Users\Lenovo\AndroidStudioProjects\Closetly-Android-app-\.gradle\8.13\fileHashes)"        [_thread_blocked, id=179924, stack(0x0000004b79000000,0x0000004b79100000) (1024K)]
  0x00000176da30fc20 JavaThread "Cache worker for Build Output Cleanup Cache (C:\Users\Lenovo\AndroidStudioProjects\Closetly-Android-app-\.gradle\buildOutputCleanup)"        [_thread_blocked, id=179368, stack(0x0000004b79100000,0x0000004b79200000) (1024K)]
  0x00000176dc525ab0 JavaThread "File watcher server"        daemon [_thread_in_native, id=170476, stack(0x0000004b79200000,0x0000004b79300000) (1024K)]
  0x00000176dc524070 JavaThread "File watcher consumer"      daemon [_thread_blocked, id=174588, stack(0x0000004b79300000,0x0000004b79400000) (1024K)]
  0x00000176dc5274f0 JavaThread "jar transforms"                    [_thread_blocked, id=177380, stack(0x0000004b79400000,0x0000004b79500000) (1024K)]
  0x00000176dc526140 JavaThread "jar transforms Thread 2"           [_thread_blocked, id=180376, stack(0x0000004b79500000,0x0000004b79600000) (1024K)]
  0x00000176dc5267d0 JavaThread "Cache worker for checksums cache (C:\Users\Lenovo\AndroidStudioProjects\Closetly-Android-app-\.gradle\8.13\checksums)"        [_thread_blocked, id=176464, stack(0x0000004b79600000,0x0000004b79700000) (1024K)]
  0x00000176dc526e60 JavaThread "Cache worker for file content cache (C:\Users\Lenovo\.gradle\caches\8.13\fileContent)"        [_thread_blocked, id=180664, stack(0x0000004b79700000,0x0000004b79800000) (1024K)]
  0x00000176dc524700 JavaThread "jar transforms Thread 3"           [_thread_blocked, id=178864, stack(0x0000004b79800000,0x0000004b79900000) (1024K)]
  0x00000176dc528210 JavaThread "Cache worker for cache directory md-supplier (C:\Users\Lenovo\.gradle\caches\8.13\md-supplier)"        [_thread_blocked, id=178736, stack(0x0000004b79900000,0x0000004b79a00000) (1024K)]
  0x00000176dc524d90 JavaThread "Cache worker for cache directory md-rule (C:\Users\Lenovo\.gradle\caches\8.13\md-rule)"        [_thread_blocked, id=180668, stack(0x0000004b79a00000,0x0000004b79b00000) (1024K)]
  0x00000176dc525420 JavaThread "Unconstrained build operations"        [_thread_blocked, id=178380, stack(0x0000004b79b00000,0x0000004b79c00000) (1024K)]
  0x00000176dc529c50 JavaThread "Unconstrained build operations Thread 2"        [_thread_blocked, id=180916, stack(0x0000004b79c00000,0x0000004b79d00000) (1024K)]
  0x00000176dc528f30 JavaThread "Unconstrained build operations Thread 3"        [_thread_blocked, id=180392, stack(0x0000004b79d00000,0x0000004b79e00000) (1024K)]
  0x00000176dc5295c0 JavaThread "Unconstrained build operations Thread 4"        [_thread_blocked, id=181132, stack(0x0000004b79e00000,0x0000004b79f00000) (1024K)]
  0x00000176dc52a2e0 JavaThread "Unconstrained build operations Thread 5"        [_thread_blocked, id=180816, stack(0x0000004b79f00000,0x0000004b7a000000) (1024K)]
  0x00000176dc52a970 JavaThread "Unconstrained build operations Thread 6"        [_thread_blocked, id=179168, stack(0x0000004b7a000000,0x0000004b7a100000) (1024K)]
  0x00000176dc52b000 JavaThread "Unconstrained build operations Thread 7"        [_thread_blocked, id=176032, stack(0x0000004b7a100000,0x0000004b7a200000) (1024K)]
  0x00000176dc52b690 JavaThread "Unconstrained build operations Thread 8"        [_thread_blocked, id=179976, stack(0x0000004b7a200000,0x0000004b7a300000) (1024K)]
  0x00000176de2effb0 JavaThread "jar transforms Thread 4"           [_thread_blocked, id=181148, stack(0x0000004b7a300000,0x0000004b7a400000) (1024K)]
  0x00000176de2f0640 JavaThread "jar transforms Thread 5"           [_thread_blocked, id=166640, stack(0x0000004b7a400000,0x0000004b7a500000) (1024K)]
  0x00000176de2ef920 JavaThread "Unconstrained build operations Thread 9"        [_thread_blocked, id=179876, stack(0x0000004b7a500000,0x0000004b7a600000) (1024K)]
  0x00000176de2f2080 JavaThread "Unconstrained build operations Thread 10"        [_thread_blocked, id=173712, stack(0x0000004b7a600000,0x0000004b7a700000) (1024K)]
  0x00000176de2f0cd0 JavaThread "Unconstrained build operations Thread 11"        [_thread_blocked, id=179860, stack(0x0000004b7a700000,0x0000004b7a800000) (1024K)]
  0x00000176de2f1360 JavaThread "Unconstrained build operations Thread 12"        [_thread_blocked, id=180236, stack(0x0000004b7a800000,0x0000004b7a900000) (1024K)]
  0x00000176de2f19f0 JavaThread "jar transforms Thread 6"           [_thread_blocked, id=180040, stack(0x0000004b7a900000,0x0000004b7aa00000) (1024K)]
  0x00000176de2f2710 JavaThread "jar transforms Thread 7"           [_thread_blocked, id=179912, stack(0x0000004b7aa00000,0x0000004b7ab00000) (1024K)]
  0x00000176de2ef290 JavaThread "jar transforms Thread 8"           [_thread_blocked, id=179496, stack(0x0000004b7ab00000,0x0000004b7ac00000) (1024K)]
  0x00000176ddb8b3c0 JavaThread "Unconstrained build operations Thread 13"        [_thread_blocked, id=171208, stack(0x0000004b7ac00000,0x0000004b7ad00000) (1024K)]
  0x00000176ddb8ce00 JavaThread "Unconstrained build operations Thread 14"        [_thread_blocked, id=170000, stack(0x0000004b7ad00000,0x0000004b7ae00000) (1024K)]
  0x00000176ddb8db20 JavaThread "Unconstrained build operations Thread 15"        [_thread_blocked, id=166572, stack(0x0000004b7ae00000,0x0000004b7af00000) (1024K)]
  0x00000176ddb8eed0 JavaThread "Unconstrained build operations Thread 16"        [_thread_blocked, id=181064, stack(0x0000004b7af00000,0x0000004b7b000000) (1024K)]
  0x00000176ddb8f560 JavaThread "Unconstrained build operations Thread 17"        [_thread_blocked, id=179384, stack(0x0000004b7b000000,0x0000004b7b100000) (1024K)]
  0x00000176ddb8fbf0 JavaThread "Unconstrained build operations Thread 18"        [_thread_blocked, id=180828, stack(0x0000004b7b100000,0x0000004b7b200000) (1024K)]
  0x00000176ddb8c770 JavaThread "Unconstrained build operations Thread 19"        [_thread_blocked, id=175616, stack(0x0000004b7b200000,0x0000004b7b300000) (1024K)]
  0x00000176ddb90280 JavaThread "Unconstrained build operations Thread 20"        [_thread_blocked, id=180544, stack(0x0000004b7b300000,0x0000004b7b400000) (1024K)]
  0x00000176ddb90910 JavaThread "Unconstrained build operations Thread 21"        [_thread_blocked, id=178996, stack(0x0000004b7b400000,0x0000004b7b500000) (1024K)]
  0x00000176ddb90fa0 JavaThread "Unconstrained build operations Thread 22"        [_thread_blocked, id=178788, stack(0x0000004b7b500000,0x0000004b7b600000) (1024K)]
  0x00000176ddb91630 JavaThread "Unconstrained build operations Thread 23"        [_thread_blocked, id=177604, stack(0x0000004b7b600000,0x0000004b7b700000) (1024K)]
  0x00000176dd3b27d0 JavaThread "Unconstrained build operations Thread 24"        [_thread_blocked, id=180480, stack(0x0000004b7b700000,0x0000004b7b800000) (1024K)]
  0x00000176dd3b34f0 JavaThread "Unconstrained build operations Thread 25"        [_thread_blocked, id=177360, stack(0x0000004b7b800000,0x0000004b7b900000) (1024K)]
  0x00000176dd3b0700 JavaThread "Unconstrained build operations Thread 26"        [_thread_blocked, id=173548, stack(0x0000004b7b900000,0x0000004b7ba00000) (1024K)]
  0x00000176dd3b1420 JavaThread "Unconstrained build operations Thread 27"        [_thread_blocked, id=180524, stack(0x0000004b76700000,0x0000004b76800000) (1024K)]
  0x00000176dd3b1ab0 JavaThread "Unconstrained build operations Thread 28"        [_thread_blocked, id=179072, stack(0x0000004b7ba00000,0x0000004b7bb00000) (1024K)]
  0x00000176dd3b0070 JavaThread "Unconstrained build operations Thread 29"        [_thread_blocked, id=180444, stack(0x0000004b7bb00000,0x0000004b7bc00000) (1024K)]
  0x00000176dd3b3b80 JavaThread "Unconstrained build operations Thread 30"        [_thread_blocked, id=178468, stack(0x0000004b7bc00000,0x0000004b7bd00000) (1024K)]
  0x00000176dd3b4f30 JavaThread "Unconstrained build operations Thread 31"        [_thread_blocked, id=172928, stack(0x0000004b7bd00000,0x0000004b7be00000) (1024K)]
  0x00000176dd3b4210 JavaThread "Unconstrained build operations Thread 32"        [_thread_blocked, id=179744, stack(0x0000004b7be00000,0x0000004b7bf00000) (1024K)]
  0x00000176dd3b48a0 JavaThread "Unconstrained build operations Thread 33"        [_thread_blocked, id=180468, stack(0x0000004b7bf00000,0x0000004b7c000000) (1024K)]
Total: 73

Other Threads:
=>0x00000176bc29e910 VMThread "VM Thread"                           [id=180132, stack(0x0000004b77000000,0x0000004b77100000) (1024K)]
  0x00000176d5d29fb0 WatcherThread "VM Periodic Task Thread"        [id=175592, stack(0x0000004b76f00000,0x0000004b77000000) (1024K)]
  0x00000176bc29f790 WorkerThread "GC Thread#0"                     [id=176088, stack(0x0000004b76a00000,0x0000004b76b00000) (1024K)]
  0x00000176bc29ecb0 WorkerThread "GC Thread#1"                     [id=172912, stack(0x0000004b77b00000,0x0000004b77c00000) (1024K)]
  0x00000176bc29f050 WorkerThread "GC Thread#2"                     [id=180140, stack(0x0000004b77c00000,0x0000004b77d00000) (1024K)]
  0x00000176bc29f3f0 WorkerThread "GC Thread#3"                     [id=180104, stack(0x0000004b77d00000,0x0000004b77e00000) (1024K)]
  0x00000176bc29fed0 WorkerThread "GC Thread#4"                     [id=180208, stack(0x0000004b77e00000,0x0000004b77f00000) (1024K)]
  0x00000176db0bd050 WorkerThread "GC Thread#5"                     [id=179840, stack(0x0000004b78900000,0x0000004b78a00000) (1024K)]
  0x00000176db0be270 WorkerThread "GC Thread#6"                     [id=164036, stack(0x0000004b78a00000,0x0000004b78b00000) (1024K)]
  0x00000176db0bd790 WorkerThread "GC Thread#7"                     [id=178724, stack(0x0000004b78b00000,0x0000004b78c00000) (1024K)]
  0x00000176be6e7df0 ConcurrentGCThread "G1 Main Marker"            [id=177720, stack(0x0000004b76b00000,0x0000004b76c00000) (1024K)]
  0x00000176bc29fb30 WorkerThread "G1 Conc#0"                       [id=178188, stack(0x0000004b76c00000,0x0000004b76d00000) (1024K)]
  0x00000176db0bb6f0 WorkerThread "G1 Conc#1"                       [id=128380, stack(0x0000004b78c00000,0x0000004b78d00000) (1024K)]
  0x00000176d5bf8690 ConcurrentGCThread "G1 Refine#0"               [id=177472, stack(0x0000004b76d00000,0x0000004b76e00000) (1024K)]
  0x00000176d5bf9fd0 ConcurrentGCThread "G1 Service"                [id=177372, stack(0x0000004b76e00000,0x0000004b76f00000) (1024K)]
Total: 15

Threads with active compile tasks:
Total: 0

VM state: at safepoint (normal execution)

VM Mutex/Monitor currently owned by a thread:  ([mutex/lock_event])
[0x00007ffbdfff85b8] Threads_lock - owner thread: 0x00000176bc29e910
[0x00007ffbdfff86b8] Heap_lock - owner thread: 0x00000176db1f6a60

Heap address: 0x0000000080000000, size: 2048 MB, Compressed Oops mode: 32-bit

CDS archive(s) not mapped
Compressed class space mapped at: 0x0000000100000000-0x0000000140000000, reserved size: 1073741824
Narrow klass base: 0x0000000000000000, Narrow klass shift: 3, Narrow klass range: 0x140000000

GC Precious Log:
 CardTable entry size: 512
 Card Set container configuration: InlinePtr #cards 5 size 8 Array Of Cards #cards 12 size 40 Howl #buckets 4 coarsen threshold 1843 Howl Bitmap #cards 512 size 80 coarsen threshold 460 Card regions per heap region 1 cards per card region 2048
 CPUs: 8 total, 8 available
 Memory: 5877M
 Large Page Support: Disabled
 NUMA Support: Disabled
 Compressed Oops: Enabled (32-bit)
 Heap Region Size: 1M
 Heap Min Capacity: 8M
 Heap Initial Capacity: 92M
 Heap Max Capacity: 2G
 Pre-touch: Disabled
 Parallel Workers: 8
 Concurrent Workers: 2
 Concurrent Refinement Workers: 8
 Periodic GC: Disabled

Heap:
 garbage-first heap   total 115712K, used 78761K [0x0000000080000000, 0x0000000100000000)
  region size 1024K, 2 young (2048K), 2 survivors (2048K)
 Metaspace       used 75643K, committed 77376K, reserved 1179648K
  class space    used 10570K, committed 11392K, reserved 1048576K

Heap Regions: E=young(eden), S=young(survivor), O=old, HS=humongous(starts), HC=humongous(continues), CS=collection set, F=free, TAMS=top-at-mark-start, PB=parsable bottom
|   0|0x0000000080000000, 0x0000000080100000, 0x0000000080100000|100%|HS|  |TAMS 0x0000000080000000| PB 0x0000000080000000| Complete 
|   1|0x0000000080100000, 0x0000000080200000, 0x0000000080200000|100%|HC|  |TAMS 0x0000000080100000| PB 0x0000000080100000| Complete 
|   2|0x0000000080200000, 0x0000000080300000, 0x0000000080300000|100%|HC|  |TAMS 0x0000000080200000| PB 0x0000000080200000| Complete 
|   3|0x0000000080300000, 0x0000000080400000, 0x0000000080400000|100%| O|  |TAMS 0x0000000080300000| PB 0x0000000080300000| Untracked 
|   4|0x0000000080400000, 0x0000000080500000, 0x0000000080500000|100%| O|  |TAMS 0x0000000080400000| PB 0x0000000080400000| Untracked 
|   5|0x0000000080500000, 0x0000000080600000, 0x0000000080600000|100%| O|  |TAMS 0x0000000080500000| PB 0x0000000080500000| Untracked 
|   6|0x0000000080600000, 0x0000000080700000, 0x0000000080700000|100%| O|  |TAMS 0x0000000080600000| PB 0x0000000080600000| Untracked 
|   7|0x0000000080700000, 0x0000000080800000, 0x0000000080800000|100%| O|  |TAMS 0x0000000080700000| PB 0x0000000080700000| Untracked 
|   8|0x0000000080800000, 0x0000000080900000, 0x0000000080900000|100%| O|  |TAMS 0x0000000080800000| PB 0x0000000080800000| Untracked 
|   9|0x0000000080900000, 0x0000000080a00000, 0x0000000080a00000|100%| O|  |TAMS 0x0000000080900000| PB 0x0000000080900000| Untracked 
|  10|0x0000000080a00000, 0x0000000080b00000, 0x0000000080b00000|100%| O|  |TAMS 0x0000000080a00000| PB 0x0000000080a00000| Untracked 
|  11|0x0000000080b00000, 0x0000000080c00000, 0x0000000080c00000|100%|HS|  |TAMS 0x0000000080b00000| PB 0x0000000080b00000| Complete 
|  12|0x0000000080c00000, 0x0000000080d00000, 0x0000000080d00000|100%| O|  |TAMS 0x0000000080c00000| PB 0x0000000080c00000| Untracked 
|  13|0x0000000080d00000, 0x0000000080e00000, 0x0000000080e00000|100%| O|  |TAMS 0x0000000080d00000| PB 0x0000000080d00000| Untracked 
|  14|0x0000000080e00000, 0x0000000080f00000, 0x0000000080f00000|100%| O|  |TAMS 0x0000000080e00000| PB 0x0000000080e00000| Untracked 
|  15|0x0000000080f00000, 0x0000000081000000, 0x0000000081000000|100%| O|  |TAMS 0x0000000080f00000| PB 0x0000000080f00000| Untracked 
|  16|0x0000000081000000, 0x0000000081100000, 0x0000000081100000|100%| O|  |TAMS 0x0000000081000000| PB 0x0000000081000000| Untracked 
|  17|0x0000000081100000, 0x0000000081200000, 0x0000000081200000|100%| O|  |TAMS 0x0000000081100000| PB 0x0000000081100000| Untracked 
|  18|0x0000000081200000, 0x0000000081300000, 0x0000000081300000|100%| O|  |TAMS 0x0000000081200000| PB 0x0000000081200000| Untracked 
|  19|0x0000000081300000, 0x0000000081400000, 0x0000000081400000|100%| O|  |TAMS 0x0000000081300000| PB 0x0000000081300000| Untracked 
|  20|0x0000000081400000, 0x0000000081500000, 0x0000000081500000|100%| O|  |TAMS 0x0000000081400000| PB 0x0000000081400000| Untracked 
|  21|0x0000000081500000, 0x0000000081600000, 0x0000000081600000|100%| O|  |TAMS 0x0000000081500000| PB 0x0000000081500000| Untracked 
|  22|0x0000000081600000, 0x0000000081700000, 0x0000000081700000|100%| O|  |TAMS 0x0000000081600000| PB 0x0000000081600000| Untracked 
|  23|0x0000000081700000, 0x0000000081800000, 0x0000000081800000|100%| O|  |TAMS 0x0000000081700000| PB 0x0000000081700000| Untracked 
|  24|0x0000000081800000, 0x0000000081900000, 0x0000000081900000|100%| O|  |TAMS 0x0000000081800000| PB 0x0000000081800000| Untracked 
|  25|0x0000000081900000, 0x0000000081a00000, 0x0000000081a00000|100%| O|  |TAMS 0x0000000081900000| PB 0x0000000081900000| Untracked 
|  26|0x0000000081a00000, 0x0000000081b00000, 0x0000000081b00000|100%| O|  |TAMS 0x0000000081a00000| PB 0x0000000081a00000| Untracked 
|  27|0x0000000081b00000, 0x0000000081b00000, 0x0000000081c00000|  0%| F|  |TAMS 0x0000000081b00000| PB 0x0000000081b00000| Untracked 
|  28|0x0000000081c00000, 0x0000000081d00000, 0x0000000081d00000|100%|HS|  |TAMS 0x0000000081c00000| PB 0x0000000081c00000| Complete 
|  29|0x0000000081d00000, 0x0000000081e00000, 0x0000000081e00000|100%| O|  |TAMS 0x0000000081d00000| PB 0x0000000081d00000| Untracked 
|  30|0x0000000081e00000, 0x0000000081f00000, 0x0000000081f00000|100%| O|  |TAMS 0x0000000081e00000| PB 0x0000000081e00000| Untracked 
|  31|0x0000000081f00000, 0x0000000081f00000, 0x0000000082000000|  0%| F|  |TAMS 0x0000000081f00000| PB 0x0000000081f00000| Untracked 
|  32|0x0000000082000000, 0x0000000082100000, 0x0000000082100000|100%| O|  |TAMS 0x0000000082000000| PB 0x0000000082000000| Untracked 
|  33|0x0000000082100000, 0x0000000082100000, 0x0000000082200000|  0%| F|  |TAMS 0x0000000082100000| PB 0x0000000082100000| Untracked 
|  34|0x0000000082200000, 0x0000000082300000, 0x0000000082300000|100%| O|  |TAMS 0x0000000082200000| PB 0x0000000082200000| Untracked 
|  35|0x0000000082300000, 0x0000000082400000, 0x0000000082400000|100%| O|  |TAMS 0x0000000082300000| PB 0x0000000082300000| Untracked 
|  36|0x0000000082400000, 0x0000000082500000, 0x0000000082500000|100%| O|  |TAMS 0x0000000082400000| PB 0x0000000082400000| Untracked 
|  37|0x0000000082500000, 0x0000000082600000, 0x0000000082600000|100%| O|  |TAMS 0x0000000082500000| PB 0x0000000082500000| Untracked 
|  38|0x0000000082600000, 0x0000000082700000, 0x0000000082700000|100%| O|  |TAMS 0x0000000082600000| PB 0x0000000082600000| Untracked 
|  39|0x0000000082700000, 0x0000000082800000, 0x0000000082800000|100%| O|  |TAMS 0x0000000082700000| PB 0x0000000082700000| Untracked 
|  40|0x0000000082800000, 0x0000000082900000, 0x0000000082900000|100%| O|  |TAMS 0x0000000082800000| PB 0x0000000082800000| Untracked 
|  41|0x0000000082900000, 0x0000000082a00000, 0x0000000082a00000|100%| O|  |TAMS 0x0000000082900000| PB 0x0000000082900000| Untracked 
|  42|0x0000000082a00000, 0x0000000082b00000, 0x0000000082b00000|100%| O|  |TAMS 0x0000000082a00000| PB 0x0000000082a00000| Untracked 
|  43|0x0000000082b00000, 0x0000000082c00000, 0x0000000082c00000|100%|HS|  |TAMS 0x0000000082b00000| PB 0x0000000082b00000| Complete 
|  44|0x0000000082c00000, 0x0000000082d00000, 0x0000000082d00000|100%|HS|  |TAMS 0x0000000082c00000| PB 0x0000000082c00000| Complete 
|  45|0x0000000082d00000, 0x0000000082e00000, 0x0000000082e00000|100%|HC|  |TAMS 0x0000000082d00000| PB 0x0000000082d00000| Complete 
|  46|0x0000000082e00000, 0x0000000082f00000, 0x0000000082f00000|100%|HS|  |TAMS 0x0000000082e00000| PB 0x0000000082e00000| Complete 
|  47|0x0000000082f00000, 0x0000000083000000, 0x0000000083000000|100%|HS|  |TAMS 0x0000000082f00000| PB 0x0000000082f00000| Complete 
|  48|0x0000000083000000, 0x0000000083100000, 0x0000000083100000|100%|HS|  |TAMS 0x0000000083000000| PB 0x0000000083000000| Complete 
|  49|0x0000000083100000, 0x0000000083200000, 0x0000000083200000|100%| O|  |TAMS 0x0000000083100000| PB 0x0000000083100000| Untracked 
|  50|0x0000000083200000, 0x0000000083300000, 0x0000000083300000|100%|HS|  |TAMS 0x0000000083200000| PB 0x0000000083200000| Complete 
|  51|0x0000000083300000, 0x0000000083400000, 0x0000000083400000|100%|HC|  |TAMS 0x0000000083300000| PB 0x0000000083300000| Complete 
|  52|0x0000000083400000, 0x0000000083500000, 0x0000000083500000|100%| O|  |TAMS 0x0000000083400000| PB 0x0000000083400000| Untracked 
|  53|0x0000000083500000, 0x0000000083600000, 0x0000000083600000|100%| O|  |TAMS 0x0000000083500000| PB 0x0000000083500000| Untracked 
|  54|0x0000000083600000, 0x0000000083700000, 0x0000000083700000|100%| O|  |TAMS 0x0000000083600000| PB 0x0000000083600000| Untracked 
|  55|0x0000000083700000, 0x0000000083800000, 0x0000000083800000|100%|HS|  |TAMS 0x0000000083700000| PB 0x0000000083700000| Complete 
|  56|0x0000000083800000, 0x0000000083900000, 0x0000000083900000|100%|HC|  |TAMS 0x0000000083800000| PB 0x0000000083800000| Complete 
|  57|0x0000000083900000, 0x0000000083a00000, 0x0000000083a00000|100%|HC|  |TAMS 0x0000000083900000| PB 0x0000000083900000| Complete 
|  58|0x0000000083a00000, 0x0000000083b00000, 0x0000000083b00000|100%|HS|  |TAMS 0x0000000083a00000| PB 0x0000000083a00000| Complete 
|  59|0x0000000083b00000, 0x0000000083c00000, 0x0000000083c00000|100%| O|  |TAMS 0x0000000083b00000| PB 0x0000000083b00000| Untracked 
|  60|0x0000000083c00000, 0x0000000083d00000, 0x0000000083d00000|100%| O|  |TAMS 0x0000000083c00000| PB 0x0000000083c00000| Untracked 
|  61|0x0000000083d00000, 0x0000000083d00000, 0x0000000083e00000|  0%| F|  |TAMS 0x0000000083d00000| PB 0x0000000083d00000| Untracked 
|  62|0x0000000083e00000, 0x0000000083e00000, 0x0000000083f00000|  0%| F|  |TAMS 0x0000000083e00000| PB 0x0000000083e00000| Untracked 
|  63|0x0000000083f00000, 0x0000000083f00000, 0x0000000084000000|  0%| F|  |TAMS 0x0000000083f00000| PB 0x0000000083f00000| Untracked 
|  64|0x0000000084000000, 0x0000000084000000, 0x0000000084100000|  0%| F|  |TAMS 0x0000000084000000| PB 0x0000000084000000| Untracked 
|  65|0x0000000084100000, 0x00000000841ea7c8, 0x0000000084200000| 91%| S|CS|TAMS 0x0000000084100000| PB 0x0000000084100000| Complete 
|  66|0x0000000084200000, 0x0000000084300000, 0x0000000084300000|100%| S|CS|TAMS 0x0000000084200000| PB 0x0000000084200000| Complete 
|  67|0x0000000084300000, 0x0000000084300000, 0x0000000084400000|  0%| F|  |TAMS 0x0000000084300000| PB 0x0000000084300000| Untracked 
|  68|0x0000000084400000, 0x0000000084400000, 0x0000000084500000|  0%| F|  |TAMS 0x0000000084400000| PB 0x0000000084400000| Untracked 
|  69|0x0000000084500000, 0x0000000084500000, 0x0000000084600000|  0%| F|  |TAMS 0x0000000084500000| PB 0x0000000084500000| Untracked 
|  70|0x0000000084600000, 0x0000000084600000, 0x0000000084700000|  0%| F|  |TAMS 0x0000000084600000| PB 0x0000000084600000| Untracked 
|  71|0x0000000084700000, 0x0000000084700000, 0x0000000084800000|  0%| F|  |TAMS 0x0000000084700000| PB 0x0000000084700000| Untracked 
|  72|0x0000000084800000, 0x0000000084800000, 0x0000000084900000|  0%| F|  |TAMS 0x0000000084800000| PB 0x0000000084800000| Untracked 
|  73|0x0000000084900000, 0x0000000084900000, 0x0000000084a00000|  0%| F|  |TAMS 0x0000000084900000| PB 0x0000000084900000| Untracked 
|  74|0x0000000084a00000, 0x0000000084a00000, 0x0000000084b00000|  0%| F|  |TAMS 0x0000000084a00000| PB 0x0000000084a00000| Untracked 
|  75|0x0000000084b00000, 0x0000000084b00000, 0x0000000084c00000|  0%| F|  |TAMS 0x0000000084b00000| PB 0x0000000084b00000| Untracked 
|  76|0x0000000084c00000, 0x0000000084c00000, 0x0000000084d00000|  0%| F|  |TAMS 0x0000000084c00000| PB 0x0000000084c00000| Untracked 
|  77|0x0000000084d00000, 0x0000000084d00000, 0x0000000084e00000|  0%| F|  |TAMS 0x0000000084d00000| PB 0x0000000084d00000| Untracked 
|  78|0x0000000084e00000, 0x0000000084e00000, 0x0000000084f00000|  0%| F|  |TAMS 0x0000000084e00000| PB 0x0000000084e00000| Untracked 
|  79|0x0000000084f00000, 0x0000000084f00000, 0x0000000085000000|  0%| F|  |TAMS 0x0000000084f00000| PB 0x0000000084f00000| Untracked 
|  80|0x0000000085000000, 0x0000000085000000, 0x0000000085100000|  0%| F|  |TAMS 0x0000000085000000| PB 0x0000000085000000| Untracked 
|  81|0x0000000085100000, 0x0000000085100000, 0x0000000085200000|  0%| F|  |TAMS 0x0000000085100000| PB 0x0000000085100000| Untracked 
|  82|0x0000000085200000, 0x0000000085200000, 0x0000000085300000|  0%| F|  |TAMS 0x0000000085200000| PB 0x0000000085200000| Untracked 
|  83|0x0000000085300000, 0x0000000085300000, 0x0000000085400000|  0%| F|  |TAMS 0x0000000085300000| PB 0x0000000085300000| Untracked 
|  84|0x0000000085400000, 0x0000000085400000, 0x0000000085500000|  0%| F|  |TAMS 0x0000000085400000| PB 0x0000000085400000| Untracked 
|  85|0x0000000085500000, 0x0000000085500000, 0x0000000085600000|  0%| F|  |TAMS 0x0000000085500000| PB 0x0000000085500000| Untracked 
|  86|0x0000000085600000, 0x0000000085600000, 0x0000000085700000|  0%| F|  |TAMS 0x0000000085600000| PB 0x0000000085600000| Untracked 
|  87|0x0000000085700000, 0x0000000085700000, 0x0000000085800000|  0%| F|  |TAMS 0x0000000085700000| PB 0x0000000085700000| Untracked 
|  88|0x0000000085800000, 0x0000000085800000, 0x0000000085900000|  0%| F|  |TAMS 0x0000000085800000| PB 0x0000000085800000| Untracked 
|  89|0x0000000085900000, 0x0000000085900000, 0x0000000085a00000|  0%| F|  |TAMS 0x0000000085900000| PB 0x0000000085900000| Untracked 
|  90|0x0000000085a00000, 0x0000000085a00000, 0x0000000085b00000|  0%| F|  |TAMS 0x0000000085a00000| PB 0x0000000085a00000| Untracked 
|  91|0x0000000085b00000, 0x0000000085b00000, 0x0000000085c00000|  0%| F|  |TAMS 0x0000000085b00000| PB 0x0000000085b00000| Untracked 
|  92|0x0000000085c00000, 0x0000000085c00000, 0x0000000085d00000|  0%| F|  |TAMS 0x0000000085c00000| PB 0x0000000085c00000| Untracked 
|  93|0x0000000085d00000, 0x0000000085d00000, 0x0000000085e00000|  0%| F|  |TAMS 0x0000000085d00000| PB 0x0000000085d00000| Untracked 
|  94|0x0000000085e00000, 0x0000000085e00000, 0x0000000085f00000|  0%| F|  |TAMS 0x0000000085e00000| PB 0x0000000085e00000| Untracked 
|  95|0x0000000085f00000, 0x0000000085f00000, 0x0000000086000000|  0%| F|  |TAMS 0x0000000085f00000| PB 0x0000000085f00000| Untracked 
|2031|0x00000000fef00000, 0x00000000ff000000, 0x00000000ff000000|100%| O|  |TAMS 0x00000000fef00000| PB 0x00000000fef00000| Untracked 
|2032|0x00000000ff000000, 0x00000000ff100000, 0x00000000ff100000|100%| O|  |TAMS 0x00000000ff000000| PB 0x00000000ff000000| Untracked 
|2033|0x00000000ff100000, 0x00000000ff200000, 0x00000000ff200000|100%| O|  |TAMS 0x00000000ff100000| PB 0x00000000ff100000| Untracked 
|2034|0x00000000ff200000, 0x00000000ff300000, 0x00000000ff300000|100%| O|  |TAMS 0x00000000ff200000| PB 0x00000000ff200000| Untracked 
|2035|0x00000000ff300000, 0x00000000ff400000, 0x00000000ff400000|100%| O|  |TAMS 0x00000000ff300000| PB 0x00000000ff300000| Untracked 
|2036|0x00000000ff400000, 0x00000000ff500000, 0x00000000ff500000|100%| O|  |TAMS 0x00000000ff400000| PB 0x00000000ff400000| Untracked 
|2037|0x00000000ff500000, 0x00000000ff600000, 0x00000000ff600000|100%| O|  |TAMS 0x00000000ff500000| PB 0x00000000ff500000| Untracked 
|2038|0x00000000ff600000, 0x00000000ff700000, 0x00000000ff700000|100%| O|  |TAMS 0x00000000ff600000| PB 0x00000000ff600000| Untracked 
|2039|0x00000000ff700000, 0x00000000ff800000, 0x00000000ff800000|100%| O|  |TAMS 0x00000000ff700000| PB 0x00000000ff700000| Untracked 
|2040|0x00000000ff800000, 0x00000000ff900000, 0x00000000ff900000|100%| O|  |TAMS 0x00000000ff800000| PB 0x00000000ff800000| Untracked 
|2041|0x00000000ff900000, 0x00000000ffa00000, 0x00000000ffa00000|100%| O|  |TAMS 0x00000000ff900000| PB 0x00000000ff900000| Untracked 
|2042|0x00000000ffa00000, 0x00000000ffb00000, 0x00000000ffb00000|100%| O|  |TAMS 0x00000000ffa00000| PB 0x00000000ffa00000| Untracked 
|2043|0x00000000ffb00000, 0x00000000ffc00000, 0x00000000ffc00000|100%| O|  |TAMS 0x00000000ffb00000| PB 0x00000000ffb00000| Untracked 
|2044|0x00000000ffc00000, 0x00000000ffd00000, 0x00000000ffd00000|100%| O|  |TAMS 0x00000000ffc00000| PB 0x00000000ffc00000| Untracked 
|2045|0x00000000ffd00000, 0x00000000ffe00000, 0x00000000ffe00000|100%| O|  |TAMS 0x00000000ffd00000| PB 0x00000000ffd00000| Untracked 
|2046|0x00000000ffe00000, 0x00000000fff00000, 0x00000000fff00000|100%| O|  |TAMS 0x00000000ffe00000| PB 0x00000000ffe00000| Untracked 
|2047|0x00000000fff00000, 0x0000000100000000, 0x0000000100000000|100%| O|  |TAMS 0x00000000fff00000| PB 0x00000000fff00000| Untracked 

Card table byte_map: [0x00000176d0f00000,0x00000176d1300000] _byte_map_base: 0x00000176d0b00000

Marking Bits: (CMBitMap*) 0x00000176be6d5f30
 Bits: [0x00000176d1300000, 0x00000176d3300000)

Polling page: 0x00000176bc4b0000

Metaspace:

Usage:
  Non-class:     63.55 MB used.
      Class:     10.32 MB used.
       Both:     73.87 MB used.

Virtual space:
  Non-class space:      128.00 MB reserved,      64.44 MB ( 50%) committed,  2 nodes.
      Class space:        1.00 GB reserved,      11.12 MB (  1%) committed,  1 nodes.
             Both:        1.12 GB reserved,      75.56 MB (  7%) committed. 

Chunk freelists:
   Non-Class:  15.00 MB
       Class:  4.82 MB
        Both:  19.82 MB

MaxMetaspaceSize: unlimited
CompressedClassSpaceSize: 1.00 GB
Initial GC threshold: 21.00 MB
Current GC threshold: 121.38 MB
CDS: off
 - commit_granule_bytes: 65536.
 - commit_granule_words: 8192.
 - virtual_space_node_default_size: 8388608.
 - enlarge_chunks_in_place: 1.
 - use_allocation_guard: 0.


Internal statistics:

num_allocs_failed_limit: 9.
num_arena_births: 3382.
num_arena_deaths: 0.
num_vsnodes_births: 3.
num_vsnodes_deaths: 0.
num_space_committed: 1209.
num_space_uncommitted: 0.
num_chunks_returned_to_freelist: 9.
num_chunks_taken_from_freelist: 6604.
num_chunk_merges: 9.
num_chunk_splits: 4251.
num_chunks_enlarged: 2565.
num_inconsistent_stats: 0.

CodeHeap 'non-profiled nmethods': size=120000Kb used=3805Kb max_used=4079Kb free=116194Kb
 bounds [0x00000176c92a0000, 0x00000176c96a0000, 0x00000176d07d0000]
CodeHeap 'profiled nmethods': size=120000Kb used=14307Kb max_used=14515Kb free=105692Kb
 bounds [0x00000176c17d0000, 0x00000176c2600000, 0x00000176c8d00000]
CodeHeap 'non-nmethods': size=5760Kb used=2767Kb max_used=2797Kb free=2992Kb
 bounds [0x00000176c8d00000, 0x00000176c8fd0000, 0x00000176c92a0000]
CodeCache: size=245760Kb, used=20879Kb, max_used=21391Kb, free=224878Kb
 total_blobs=8746, nmethods=7839, adapters=811, full_count=0
Compilation: enabled, stopped_count=0, restarted_count=0

Compilation events (20 events):
Event: 37.324 Thread 0x00000176da093fe0 9171       1       com.android.build.gradle.options.Stage::getStatus (5 bytes)
Event: 37.324 Thread 0x00000176da093fe0 nmethod 9171 0x00000176c957db10 code [0x00000176c957dca0, 0x00000176c957dd68]
Event: 37.325 Thread 0x00000176da093fe0 9172       3       java.lang.invoke.MethodHandles$Lookup::lookupModes (8 bytes)
Event: 37.325 Thread 0x00000176da093fe0 nmethod 9172 0x00000176c1c14610 code [0x00000176c1c147a0, 0x00000176c1c148b0]
Event: 37.328 Thread 0x00000176da093fe0 9173       3       com.google.common.collect.CollectPreconditions::checkEntryNotNull (68 bytes)
Event: 37.329 Thread 0x00000176da093fe0 nmethod 9173 0x00000176c17eb590 code [0x00000176c17eb800, 0x00000176c17ebd38]
Event: 37.329 Thread 0x00000176da093fe0 9174       1       com.google.common.collect.ImmutableEntry::getKey (5 bytes)
Event: 37.329 Thread 0x00000176da093fe0 nmethod 9174 0x00000176c957d810 code [0x00000176c957d9a0, 0x00000176c957da68]
Event: 37.329 Thread 0x00000176da093fe0 9175       1       com.google.common.collect.ImmutableEntry::getValue (5 bytes)
Event: 37.329 Thread 0x00000176da093fe0 nmethod 9175 0x00000176c957d510 code [0x00000176c957d6a0, 0x00000176c957d768]
Event: 37.329 Thread 0x00000176da093fe0 9176       1       com.google.common.collect.ImmutableMapEntry::isReusable (2 bytes)
Event: 37.329 Thread 0x00000176da093fe0 nmethod 9176 0x00000176c957d190 code [0x00000176c957d320, 0x00000176c957d3e8]
Event: 37.330 Thread 0x00000176da093fe0 9177       3       com.google.common.collect.ImmutableMapEntry::<init> (12 bytes)
Event: 37.330 Thread 0x00000176da093fe0 nmethod 9177 0x00000176c17eaf90 code [0x00000176c17eb160, 0x00000176c17eb468]
Event: 37.330 Thread 0x00000176da093fe0 9178       3       com.google.common.collect.ImmutableEntry::<init> (15 bytes)
Event: 37.330 Thread 0x00000176da093fe0 nmethod 9178 0x00000176c17eaa90 code [0x00000176c17eac40, 0x00000176c17eaec0]
Event: 37.337 Thread 0x00000176da093fe0 9179       3       com.google.common.collect.ImmutableMap$Builder::ensureCapacity (38 bytes)
Event: 37.337 Thread 0x00000176da093fe0 nmethod 9179 0x00000176c17ea190 code [0x00000176c17ea360, 0x00000176c17ea700]
Event: 37.337 Thread 0x00000176da093fe0 9180       3       com.android.build.gradle.options.ProjectOptions$OptionValue::<init> (15 bytes)
Event: 37.337 Thread 0x00000176da093fe0 nmethod 9180 0x00000176c19ea310 code [0x00000176c19ea4c0, 0x00000176c19ea6e0]

GC Heap History (20 events):
Event: 24.535 GC heap after
{Heap after GC invocations=13 (full 0):
 garbage-first heap   total 103424K, used 41231K [0x0000000080000000, 0x0000000100000000)
  region size 1024K, 7 young (7168K), 7 survivors (7168K)
 Metaspace       used 56637K, committed 58112K, reserved 1114112K
  class space    used 7973K, committed 8704K, reserved 1048576K
}
Event: 25.292 GC heap before
{Heap before GC invocations=13 (full 0):
 garbage-first heap   total 103424K, used 76047K [0x0000000080000000, 0x0000000100000000)
  region size 1024K, 41 young (41984K), 7 survivors (7168K)
 Metaspace       used 58651K, committed 60096K, reserved 1114112K
  class space    used 8147K, committed 8832K, reserved 1048576K
}
Event: 25.298 GC heap after
{Heap after GC invocations=14 (full 0):
 garbage-first heap   total 103424K, used 42632K [0x0000000080000000, 0x0000000100000000)
  region size 1024K, 2 young (2048K), 2 survivors (2048K)
 Metaspace       used 58651K, committed 60096K, reserved 1114112K
  class space    used 8147K, committed 8832K, reserved 1048576K
}
Event: 26.762 GC heap before
{Heap before GC invocations=15 (full 0):
 garbage-first heap   total 103424K, used 88712K [0x0000000080000000, 0x0000000100000000)
  region size 1024K, 47 young (48128K), 2 survivors (2048K)
 Metaspace       used 65206K, committed 66752K, reserved 1114112K
  class space    used 9130K, committed 9856K, reserved 1048576K
}
Event: 26.766 GC heap after
{Heap after GC invocations=16 (full 0):
 garbage-first heap   total 103424K, used 44532K [0x0000000080000000, 0x0000000100000000)
  region size 1024K, 4 young (4096K), 4 survivors (4096K)
 Metaspace       used 65206K, committed 66752K, reserved 1114112K
  class space    used 9130K, committed 9856K, reserved 1048576K
}
Event: 28.658 GC heap before
{Heap before GC invocations=16 (full 0):
 garbage-first heap   total 103424K, used 89588K [0x0000000080000000, 0x0000000100000000)
  region size 1024K, 49 young (50176K), 4 survivors (4096K)
 Metaspace       used 70552K, committed 72256K, reserved 1114112K
  class space    used 10013K, committed 10816K, reserved 1048576K
}
Event: 28.665 GC heap after
{Heap after GC invocations=17 (full 0):
 garbage-first heap   total 103424K, used 47389K [0x0000000080000000, 0x0000000100000000)
  region size 1024K, 7 young (7168K), 7 survivors (7168K)
 Metaspace       used 70552K, committed 72256K, reserved 1114112K
  class space    used 10013K, committed 10816K, reserved 1048576K
}
Event: 30.028 GC heap before
{Heap before GC invocations=17 (full 0):
 garbage-first heap   total 103424K, used 88349K [0x0000000080000000, 0x0000000100000000)
  region size 1024K, 48 young (49152K), 7 survivors (7168K)
 Metaspace       used 72521K, committed 74304K, reserved 1114112K
  class space    used 10231K, committed 11072K, reserved 1048576K
}
Event: 30.035 GC heap after
{Heap after GC invocations=18 (full 0):
 garbage-first heap   total 103424K, used 51872K [0x0000000080000000, 0x0000000100000000)
  region size 1024K, 6 young (6144K), 6 survivors (6144K)
 Metaspace       used 72521K, committed 74304K, reserved 1114112K
  class space    used 10231K, committed 11072K, reserved 1048576K
}
Event: 30.361 GC heap before
{Heap before GC invocations=18 (full 0):
 garbage-first heap   total 103424K, used 89760K [0x0000000080000000, 0x0000000100000000)
  region size 1024K, 44 young (45056K), 6 survivors (6144K)
 Metaspace       used 72790K, committed 74560K, reserved 1114112K
  class space    used 10231K, committed 11072K, reserved 1048576K
}
Event: 30.367 GC heap after
{Heap after GC invocations=19 (full 0):
 garbage-first heap   total 103424K, used 55241K [0x0000000080000000, 0x0000000100000000)
  region size 1024K, 4 young (4096K), 4 survivors (4096K)
 Metaspace       used 72790K, committed 74560K, reserved 1114112K
  class space    used 10231K, committed 11072K, reserved 1048576K
}
Event: 30.658 GC heap before
{Heap before GC invocations=20 (full 0):
 garbage-first heap   total 103424K, used 90057K [0x0000000080000000, 0x0000000100000000)
  region size 1024K, 39 young (39936K), 4 survivors (4096K)
 Metaspace       used 72910K, committed 74624K, reserved 1114112K
  class space    used 10231K, committed 11072K, reserved 1048576K
}
Event: 30.663 GC heap after
{Heap after GC invocations=21 (full 0):
 garbage-first heap   total 103424K, used 55950K [0x0000000080000000, 0x0000000100000000)
  region size 1024K, 4 young (4096K), 4 survivors (4096K)
 Metaspace       used 72910K, committed 74624K, reserved 1114112K
  class space    used 10231K, committed 11072K, reserved 1048576K
}
Event: 30.942 GC heap before
{Heap before GC invocations=21 (full 0):
 garbage-first heap   total 103424K, used 90766K [0x0000000080000000, 0x0000000100000000)
  region size 1024K, 39 young (39936K), 4 survivors (4096K)
 Metaspace       used 72930K, committed 74624K, reserved 1114112K
  class space    used 10231K, committed 11072K, reserved 1048576K
}
Event: 30.946 GC heap after
{Heap after GC invocations=22 (full 0):
 garbage-first heap   total 103424K, used 55352K [0x0000000080000000, 0x0000000100000000)
  region size 1024K, 4 young (4096K), 4 survivors (4096K)
 Metaspace       used 72930K, committed 74624K, reserved 1114112K
  class space    used 10231K, committed 11072K, reserved 1048576K
}
Event: 31.112 GC heap before
{Heap before GC invocations=22 (full 0):
 garbage-first heap   total 103424K, used 91192K [0x0000000080000000, 0x0000000100000000)
  region size 1024K, 40 young (40960K), 4 survivors (4096K)
 Metaspace       used 72934K, committed 74624K, reserved 1114112K
  class space    used 10231K, committed 11072K, reserved 1048576K
}
Event: 31.116 GC heap after
{Heap after GC invocations=23 (full 0):
 garbage-first heap   total 103424K, used 56262K [0x0000000080000000, 0x0000000100000000)
  region size 1024K, 4 young (4096K), 4 survivors (4096K)
 Metaspace       used 72934K, committed 74624K, reserved 1114112K
  class space    used 10231K, committed 11072K, reserved 1048576K
}
Event: 35.947 GC heap before
{Heap before GC invocations=24 (full 0):
 garbage-first heap   total 103424K, used 101318K [0x0000000080000000, 0x0000000100000000)
  region size 1024K, 36 young (36864K), 4 survivors (4096K)
 Metaspace       used 73653K, committed 75392K, reserved 1114112K
  class space    used 10317K, committed 11136K, reserved 1048576K
}
Event: 36.956 GC heap after
{Heap after GC invocations=25 (full 0):
 garbage-first heap   total 115712K, used 76970K [0x0000000080000000, 0x0000000100000000)
  region size 1024K, 5 young (5120K), 5 survivors (5120K)
 Metaspace       used 73653K, committed 75392K, reserved 1114112K
  class space    used 10317K, committed 11136K, reserved 1048576K
}
Event: 37.344 GC heap before
{Heap before GC invocations=25 (full 0):
 garbage-first heap   total 115712K, used 101546K [0x0000000080000000, 0x0000000100000000)
  region size 1024K, 29 young (29696K), 5 survivors (5120K)
 Metaspace       used 75643K, committed 77376K, reserved 1179648K
  class space    used 10570K, committed 11392K, reserved 1048576K
}

Dll operation events (3 events):
Event: 0.037 Loaded shared library C:\Program Files\Android\Android Studio\jbr\bin\java.dll
Event: 0.061 Loaded shared library C:\Program Files\Android\Android Studio\jbr\bin\zip.dll
Event: 3.270 Loaded shared library C:\Program Files\Android\Android Studio\jbr\bin\verify.dll

Deoptimization events (20 events):
Event: 37.113 Thread 0x00000176db1f6a60 DEOPT PACKING pc=0x00000176c95b761c sp=0x0000004b785f77d0
Event: 37.113 Thread 0x00000176db1f6a60 DEOPT UNPACKING pc=0x00000176c8d546a2 sp=0x0000004b785f7628 mode 2
Event: 37.182 Thread 0x00000176db1f6a60 DEOPT PACKING pc=0x00000176c1e3aede sp=0x0000004b785f7290
Event: 37.182 Thread 0x00000176db1f6a60 DEOPT UNPACKING pc=0x00000176c8d54e42 sp=0x0000004b785f6778 mode 0
Event: 37.182 Thread 0x00000176db1f6a60 Uncommon trap: trap_request=0xffffffc6 fr.pc=0x00000176c93b5e0c relative=0x00000000000003ac
Event: 37.182 Thread 0x00000176db1f6a60 Uncommon trap: reason=bimorphic_or_optimized_type_check action=maybe_recompile pc=0x00000176c93b5e0c method=com.google.common.cache.LocalCache$Segment.getEntry(Ljava/lang/Object;I)Lcom/google/common/cache/ReferenceEntry; @ 11 c2
Event: 37.182 Thread 0x00000176db1f6a60 DEOPT PACKING pc=0x00000176c93b5e0c sp=0x0000004b785f7210
Event: 37.182 Thread 0x00000176db1f6a60 DEOPT UNPACKING pc=0x00000176c8d546a2 sp=0x0000004b785f71a8 mode 2
Event: 37.185 Thread 0x00000176db1f6a60 Uncommon trap: trap_request=0xffffffc6 fr.pc=0x00000176c93b5e0c relative=0x00000000000003ac
Event: 37.185 Thread 0x00000176db1f6a60 Uncommon trap: reason=bimorphic_or_optimized_type_check action=maybe_recompile pc=0x00000176c93b5e0c method=com.google.common.cache.LocalCache$Segment.getEntry(Ljava/lang/Object;I)Lcom/google/common/cache/ReferenceEntry; @ 11 c2
Event: 37.185 Thread 0x00000176db1f6a60 DEOPT PACKING pc=0x00000176c93b5e0c sp=0x0000004b785f7210
Event: 37.185 Thread 0x00000176db1f6a60 DEOPT UNPACKING pc=0x00000176c8d546a2 sp=0x0000004b785f71a8 mode 2
Event: 37.308 Thread 0x00000176db1f6a60 Uncommon trap: trap_request=0xffffffde fr.pc=0x00000176c95d0a04 relative=0x00000000000071e4
Event: 37.308 Thread 0x00000176db1f6a60 Uncommon trap: reason=class_check action=maybe_recompile pc=0x00000176c95d0a04 method=java.util.jar.JarFile.getManifestFromReference()Ljava/util/jar/Manifest; @ 152 c2
Event: 37.308 Thread 0x00000176db1f6a60 DEOPT PACKING pc=0x00000176c95d0a04 sp=0x0000004b785f4c30
Event: 37.308 Thread 0x00000176db1f6a60 DEOPT UNPACKING pc=0x00000176c8d546a2 sp=0x0000004b785f48e0 mode 2
Event: 37.343 Thread 0x00000176db1f6a60 Uncommon trap: trap_request=0xffffffd6 fr.pc=0x00000176c966226c relative=0x00000000000003ac
Event: 37.343 Thread 0x00000176db1f6a60 Uncommon trap: reason=array_check action=maybe_recompile pc=0x00000176c966226c method=java.util.LinkedHashMap.keysToArray([Ljava/lang/Object;Z)[Ljava/lang/Object; @ 67 c2
Event: 37.343 Thread 0x00000176db1f6a60 DEOPT PACKING pc=0x00000176c966226c sp=0x0000004b785f6500
Event: 37.343 Thread 0x00000176db1f6a60 DEOPT UNPACKING pc=0x00000176c8d546a2 sp=0x0000004b785f64a0 mode 2

Classes loaded (20 events):
Event: 31.237 Loading class java/io/FileBeanInfo
Event: 31.237 Loading class java/io/FileBeanInfo done
Event: 31.237 Loading class java/io/FileCustomizer
Event: 31.237 Loading class java/io/FileCustomizer done
Event: 31.237 Loading class java/io/FileCustomizer
Event: 31.237 Loading class java/io/FileCustomizer done
Event: 31.301 Loading class java/util/AbstractCollectionBeanInfo
Event: 31.301 Loading class java/util/AbstractCollectionBeanInfo done
Event: 31.302 Loading class java/util/AbstractCollectionBeanInfo
Event: 31.302 Loading class java/util/AbstractCollectionBeanInfo done
Event: 31.302 Loading class java/util/AbstractCollectionCustomizer
Event: 31.302 Loading class java/util/AbstractCollectionCustomizer done
Event: 31.302 Loading class java/util/AbstractCollectionCustomizer
Event: 31.302 Loading class java/util/AbstractCollectionCustomizer done
Event: 31.304 Loading class sun/reflect/generics/reflectiveObjects/GenericArrayTypeImpl
Event: 31.304 Loading class sun/reflect/generics/reflectiveObjects/GenericArrayTypeImpl done
Event: 31.341 Loading class java/util/stream/SortedOps$RefSortingSink
Event: 31.341 Loading class java/util/stream/SortedOps$RefSortingSink done
Event: 31.360 Loading class java/time/Ser
Event: 31.361 Loading class java/time/Ser done

Classes unloaded (0 events):
No events

Classes redefined (0 events):
No events

Internal exceptions (20 events):
Event: 31.302 Thread 0x00000176db1f6a60 Exception <a 'java/lang/ClassNotFoundException'{0x0000000084f65ca8}: java/util/AbstractCollectionBeanInfo> (0x0000000084f65ca8) 
thrown [s\src\hotspot\share\classfile\systemDictionary.cpp, line 312]
Event: 31.302 Thread 0x00000176db1f6a60 Exception <a 'java/lang/ClassNotFoundException'{0x0000000084f6c180}: java/util/AbstractCollectionCustomizer> (0x0000000084f6c180) 
thrown [s\src\hotspot\share\classfile\systemDictionary.cpp, line 312]
Event: 31.306 Thread 0x00000176db1f6a60 Exception <a 'java/lang/ClassNotFoundException'{0x0000000084f87640}: org/gradle/api/internal/DefaultDomainObjectCollectionCustomizer> (0x0000000084f87640) 
thrown [s\src\hotspot\share\classfile\systemDictionary.cpp, line 312]
Event: 31.308 Thread 0x00000176db1f6a60 Exception <a 'java/lang/ClassNotFoundException'{0x0000000084fb9fd8}: org/gradle/api/internal/DefaultNamedDomainObjectCollectionCustomizer> (0x0000000084fb9fd8) 
thrown [s\src\hotspot\share\classfile\systemDictionary.cpp, line 312]
Event: 31.315 Thread 0x00000176db1f6a60 Exception <a 'java/lang/ClassNotFoundException'{0x0000000084ffb720}: org/gradle/api/internal/DefaultNamedDomainObjectSetCustomizer> (0x0000000084ffb720) 
thrown [s\src\hotspot\share\classfile\systemDictionary.cpp, line 312]
Event: 31.318 Thread 0x00000176db1f6a60 Exception <a 'java/lang/ClassNotFoundException'{0x0000000084e35e40}: org/gradle/api/internal/tasks/DefaultTaskCollectionCustomizer> (0x0000000084e35e40) 
thrown [s\src\hotspot\share\classfile\systemDictionary.cpp, line 312]
Event: 31.322 Thread 0x00000176db1f6a60 Exception <a 'java/lang/ClassNotFoundException'{0x0000000084e95708}: org/gradle/api/internal/tasks/DefaultTaskCollection_DecoratedCustomizer> (0x0000000084e95708) 
thrown [s\src\hotspot\share\classfile\systemDictionary.cpp, line 312]
Event: 31.339 Thread 0x00000176db1f6a60 Exception <a 'java/lang/NoSuchMethodError'{0x0000000084eff1d8}: 'long java.lang.invoke.DirectMethodHandle$Holder.invokeVirtual(java.lang.Object, java.lang.Object)'> (0x0000000084eff1d8) 
thrown [s\src\hotspot\share\interpreter\linkResolver.cpp, line 784]
Event: 31.345 Thread 0x00000176da310fd0 Exception <a 'java/lang/NoSuchMethodError'{0x0000000084d2ca90}: static Lorg/gradle/internal/build/event/types/DefaultOperationFinishedProgressEvent;.<clinit>()V> (0x0000000084d2ca90) 
thrown [s\src\hotspot\share\prims\jni.cpp, line 1144]
Event: 31.352 Thread 0x00000176da310fd0 Exception <a 'java/lang/NoSuchMethodError'{0x0000000084d7bb08}: static Lorg/gradle/internal/build/event/types/DefaultProjectConfigurationSuccessResult;.<clinit>()V> (0x0000000084d7bb08) 
thrown [s\src\hotspot\share\prims\jni.cpp, line 1144]
Event: 31.352 Thread 0x00000176da310fd0 Exception <a 'java/lang/NoSuchMethodError'{0x0000000084d7d0e0}: static Lorg/gradle/internal/build/event/types/AbstractProjectConfigurationResult;.<clinit>()V> (0x0000000084d7d0e0) 
thrown [s\src\hotspot\share\prims\jni.cpp, line 1144]
Event: 31.352 Thread 0x00000176da310fd0 Exception <a 'java/lang/NoSuchMethodError'{0x0000000084d7e988}: static Lorg/gradle/internal/build/event/types/AbstractOperationResult;.<clinit>()V> (0x0000000084d7e988) 
thrown [s\src\hotspot\share\prims\jni.cpp, line 1144]
Event: 31.352 Thread 0x00000176da310fd0 Exception <a 'java/lang/NoSuchMethodError'{0x0000000084d7fe30}: static Lorg/gradle/internal/build/event/types/AbstractResult;.<clinit>()V> (0x0000000084d7fe30) 
thrown [s\src\hotspot\share\prims\jni.cpp, line 1144]
Event: 31.356 Thread 0x00000176da310fd0 Exception <a 'java/lang/NoSuchMethodError'{0x0000000084d99f18}: static Lorg/gradle/internal/build/event/types/DefaultPluginApplicationResult;.<clinit>()V> (0x0000000084d99f18) 
thrown [s\src\hotspot\share\prims\jni.cpp, line 1144]
Event: 31.358 Thread 0x00000176da310fd0 Exception <a 'java/lang/NoSuchMethodError'{0x0000000084dcaaa0}: static Lorg/gradle/internal/build/event/types/DefaultBinaryPluginIdentifier;.<clinit>()V> (0x0000000084dcaaa0) 
thrown [s\src\hotspot\share\prims\jni.cpp, line 1144]
Event: 31.364 Thread 0x00000176da310fd0 Exception <a 'java/lang/NoSuchMethodError'{0x0000000084c65160}: static Lorg/gradle/internal/build/event/types/DefaultScriptPluginIdentifier;.<clinit>()V> (0x0000000084c65160) 
thrown [s\src\hotspot\share\prims\jni.cpp, line 1144]
Event: 31.472 Thread 0x00000176db1f6a60 Implicit null exception at 0x00000176c962a0dd to 0x00000176c962a5b8
Event: 31.473 Thread 0x00000176db1f6a60 Implicit null exception at 0x00000176c962b9df to 0x00000176c962be94
Event: 35.880 Thread 0x00000176db1f6a60 Exception <a 'java/lang/ClassNotFoundException'{0x0000000083ef0e10}: org/gradle/api/internal/plugins/DefaultObjectConfigurationActionBeanInfo> (0x0000000083ef0e10) 
thrown [s\src\hotspot\share\classfile\systemDictionary.cpp, line 312]
Event: 35.881 Thread 0x00000176db1f6a60 Exception <a 'java/lang/ClassNotFoundException'{0x0000000083d123b8}: org/gradle/api/internal/plugins/DefaultObjectConfigurationActionCustomizer> (0x0000000083d123b8) 
thrown [s\src\hotspot\share\classfile\systemDictionary.cpp, line 312]

ZGC Phase Switch (0 events):
No events

VM Operations (20 events):
Event: 30.946 Executing VM operation: G1CollectForAllocation (G1 Evacuation Pause) done
Event: 31.112 Executing VM operation: G1CollectForAllocation (G1 Evacuation Pause)
Event: 31.116 Executing VM operation: G1CollectForAllocation (G1 Evacuation Pause) done
Event: 31.171 Executing VM operation: G1PauseRemark
Event: 31.176 Executing VM operation: G1PauseRemark done
Event: 31.198 Executing VM operation: G1PauseCleanup
Event: 31.199 Executing VM operation: G1PauseCleanup done
Event: 32.203 Executing VM operation: Cleanup
Event: 32.203 Executing VM operation: Cleanup done
Event: 33.214 Executing VM operation: Cleanup
Event: 33.214 Executing VM operation: Cleanup done
Event: 33.744 Executing VM operation: HandshakeAllThreads (Deoptimize)
Event: 33.744 Executing VM operation: HandshakeAllThreads (Deoptimize) done
Event: 34.744 Executing VM operation: Cleanup
Event: 34.744 Executing VM operation: Cleanup done
Event: 35.749 Executing VM operation: Cleanup
Event: 35.749 Executing VM operation: Cleanup done
Event: 35.947 Executing VM operation: G1CollectForAllocation (G1 Evacuation Pause)
Event: 36.956 Executing VM operation: G1CollectForAllocation (G1 Evacuation Pause) done
Event: 37.344 Executing VM operation: G1CollectForAllocation (G1 Evacuation Pause)

Memory protections (0 events):
No events

Nmethod flushes (20 events):
Event: 31.175 Thread 0x00000176bc29e910 flushing  nmethod 0x00000176c1ee2a90
Event: 31.175 Thread 0x00000176bc29e910 flushing  nmethod 0x00000176c1f0a590
Event: 31.175 Thread 0x00000176bc29e910 flushing  nmethod 0x00000176c1f0af10
Event: 31.175 Thread 0x00000176bc29e910 flushing  nmethod 0x00000176c1f10690
Event: 31.175 Thread 0x00000176bc29e910 flushing  nmethod 0x00000176c1f56490
Event: 31.175 Thread 0x00000176bc29e910 flushing  nmethod 0x00000176c1f58090
Event: 31.175 Thread 0x00000176bc29e910 flushing  nmethod 0x00000176c1f59990
Event: 31.175 Thread 0x00000176bc29e910 flushing  nmethod 0x00000176c1f5aa90
Event: 31.175 Thread 0x00000176bc29e910 flushing  nmethod 0x00000176c1f9e490
Event: 31.175 Thread 0x00000176bc29e910 flushing  nmethod 0x00000176c2020e90
Event: 31.175 Thread 0x00000176bc29e910 flushing  nmethod 0x00000176c2092b90
Event: 31.175 Thread 0x00000176bc29e910 flushing  nmethod 0x00000176c2135c10
Event: 31.175 Thread 0x00000176bc29e910 flushing  nmethod 0x00000176c2234490
Event: 31.175 Thread 0x00000176bc29e910 flushing  nmethod 0x00000176c230c690
Event: 31.175 Thread 0x00000176bc29e910 flushing  nmethod 0x00000176c2333110
Event: 31.175 Thread 0x00000176bc29e910 flushing  nmethod 0x00000176c2335290
Event: 31.175 Thread 0x00000176bc29e910 flushing  nmethod 0x00000176c2335710
Event: 31.175 Thread 0x00000176bc29e910 flushing  nmethod 0x00000176c2335a90
Event: 31.175 Thread 0x00000176bc29e910 flushing  nmethod 0x00000176c2336790
Event: 31.175 Thread 0x00000176bc29e910 flushing  nmethod 0x00000176c2337d10

Events (20 events):
Event: 29.700 Thread 0x00000176db1f6a60 Thread added: 0x00000176ddb8ce00
Event: 29.700 Thread 0x00000176db1f6a60 Thread added: 0x00000176ddb8db20
Event: 29.701 Thread 0x00000176db1f6a60 Thread added: 0x00000176ddb8eed0
Event: 29.701 Thread 0x00000176db1f6a60 Thread added: 0x00000176ddb8f560
Event: 29.701 Thread 0x00000176db1f6a60 Thread added: 0x00000176ddb8fbf0
Event: 29.702 Thread 0x00000176db1f6a60 Thread added: 0x00000176ddb8c770
Event: 29.860 Thread 0x00000176db1f6a60 Thread added: 0x00000176ddb90280
Event: 29.862 Thread 0x00000176db1f6a60 Thread added: 0x00000176ddb90910
Event: 29.866 Thread 0x00000176db1f6a60 Thread added: 0x00000176ddb90fa0
Event: 29.869 Thread 0x00000176db1f6a60 Thread added: 0x00000176ddb91630
Event: 29.873 Thread 0x00000176db1f6a60 Thread added: 0x00000176dd3b27d0
Event: 29.876 Thread 0x00000176db1f6a60 Thread added: 0x00000176dd3b34f0
Event: 29.889 Thread 0x00000176db1f6a60 Thread added: 0x00000176dd3b0700
Event: 30.262 Thread 0x00000176db1f6a60 Thread added: 0x00000176dd3b1420
Event: 30.263 Thread 0x00000176db1f6a60 Thread added: 0x00000176dd3b1ab0
Event: 30.264 Thread 0x00000176db1f6a60 Thread added: 0x00000176dd3b0070
Event: 30.265 Thread 0x00000176db1f6a60 Thread added: 0x00000176dd3b3b80
Event: 30.266 Thread 0x00000176db1f6a60 Thread added: 0x00000176dd3b4f30
Event: 30.267 Thread 0x00000176db1f6a60 Thread added: 0x00000176dd3b4210
Event: 30.268 Thread 0x00000176db1f6a60 Thread added: 0x00000176dd3b48a0


Dynamic libraries:
0x00007ff72a360000 - 0x00007ff72a36a000 	C:\Program Files\Android\Android Studio\jbr\bin\java.exe
0x00007ffc25b20000 - 0x00007ffc25d87000 	C:\WINDOWS\SYSTEM32\ntdll.dll
0x00007ffc24d90000 - 0x00007ffc24e59000 	C:\WINDOWS\System32\KERNEL32.DLL
0x00007ffc23000000 - 0x00007ffc233ef000 	C:\WINDOWS\System32\KERNELBASE.dll
0x00007ffc22eb0000 - 0x00007ffc22ffb000 	C:\WINDOWS\System32\ucrtbase.dll
0x00007ffc1dfa0000 - 0x00007ffc1dfbb000 	C:\Program Files\Android\Android Studio\jbr\bin\VCRUNTIME140.dll
0x00007ffc0a930000 - 0x00007ffc0a948000 	C:\Program Files\Android\Android Studio\jbr\bin\jli.dll
0x00007ffc25840000 - 0x00007ffc25a05000 	C:\WINDOWS\System32\USER32.dll
0x00007ffc23530000 - 0x00007ffc23557000 	C:\WINDOWS\System32\win32u.dll
0x00007ffc24c90000 - 0x00007ffc24cbb000 	C:\WINDOWS\System32\GDI32.dll
0x00007ffc0f750000 - 0x00007ffc0f9e3000 	C:\WINDOWS\WinSxS\amd64_microsoft.windows.common-controls_6595b64144ccf1df_6.0.26100.7309_none_3e05feeae336a044\COMCTL32.dll
0x00007ffc23400000 - 0x00007ffc2352c000 	C:\WINDOWS\System32\gdi32full.dll
0x00007ffc235f0000 - 0x00007ffc23693000 	C:\WINDOWS\System32\msvcp_win.dll
0x00007ffc24f60000 - 0x00007ffc25009000 	C:\WINDOWS\System32\msvcrt.dll
0x00007ffc23b70000 - 0x00007ffc23ba1000 	C:\WINDOWS\System32\IMM32.DLL
0x00007ffc1df90000 - 0x00007ffc1df9c000 	C:\Program Files\Android\Android Studio\jbr\bin\vcruntime140_1.dll
0x00007ffc01990000 - 0x00007ffc01a1d000 	C:\Program Files\Android\Android Studio\jbr\bin\msvcp140.dll
0x00007ffbdf440000 - 0x00007ffbe00d6000 	C:\Program Files\Android\Android Studio\jbr\bin\server\jvm.dll
0x00007ffc24cd0000 - 0x00007ffc24d84000 	C:\WINDOWS\System32\ADVAPI32.dll
0x00007ffc23ac0000 - 0x00007ffc23b66000 	C:\WINDOWS\System32\sechost.dll
0x00007ffc24b70000 - 0x00007ffc24c88000 	C:\WINDOWS\System32\RPCRT4.dll
0x00007ffc25a60000 - 0x00007ffc25ad4000 	C:\WINDOWS\System32\WS2_32.dll
0x00007ffc22ad0000 - 0x00007ffc22b2e000 	C:\WINDOWS\SYSTEM32\POWRPROF.dll
0x00007ffc15850000 - 0x00007ffc1585b000 	C:\WINDOWS\SYSTEM32\VERSION.dll
0x00007ffc16ea0000 - 0x00007ffc16ed5000 	C:\WINDOWS\SYSTEM32\WINMM.dll
0x00007ffc22ab0000 - 0x00007ffc22ac4000 	C:\WINDOWS\SYSTEM32\UMPDC.dll
0x00007ffc219e0000 - 0x00007ffc219fb000 	C:\WINDOWS\SYSTEM32\kernel.appcore.dll
0x00007ffc1bfd0000 - 0x00007ffc1bfda000 	C:\Program Files\Android\Android Studio\jbr\bin\jimage.dll
0x00007ffc138e0000 - 0x00007ffc13b22000 	C:\WINDOWS\SYSTEM32\DBGHELP.DLL
0x00007ffc23d40000 - 0x00007ffc240c5000 	C:\WINDOWS\System32\combase.dll
0x00007ffc23940000 - 0x00007ffc23a16000 	C:\WINDOWS\System32\OLEAUT32.dll
0x00007ffc0ee20000 - 0x00007ffc0ee5c000 	C:\WINDOWS\SYSTEM32\dbgcore.DLL
0x00007ffc23810000 - 0x00007ffc238b5000 	C:\WINDOWS\System32\bcryptPrimitives.dll
0x00007ffc0ba30000 - 0x00007ffc0ba3e000 	C:\Program Files\Android\Android Studio\jbr\bin\instrument.dll
0x00007ffc15bf0000 - 0x00007ffc15c10000 	C:\Program Files\Android\Android Studio\jbr\bin\java.dll
0x00007ffc15740000 - 0x00007ffc15758000 	C:\Program Files\Android\Android Studio\jbr\bin\zip.dll
0x00007ffc24410000 - 0x00007ffc24b63000 	C:\WINDOWS\System32\SHELL32.dll
0x00007ffc236a0000 - 0x00007ffc2380a000 	C:\WINDOWS\System32\wintypes.dll
0x00007ffc20830000 - 0x00007ffc2108e000 	C:\WINDOWS\SYSTEM32\windows.storage.dll
0x00007ffc23bb0000 - 0x00007ffc23ca5000 	C:\WINDOWS\System32\SHCORE.dll
0x00007ffc23a20000 - 0x00007ffc23a86000 	C:\WINDOWS\System32\shlwapi.dll
0x00007ffc22b90000 - 0x00007ffc22bb9000 	C:\WINDOWS\SYSTEM32\profapi.dll
0x00007ffc16f70000 - 0x00007ffc16f80000 	C:\Program Files\Android\Android Studio\jbr\bin\net.dll
0x00007ffc1b050000 - 0x00007ffc1b178000 	C:\WINDOWS\SYSTEM32\WINHTTP.dll
0x00007ffc21f30000 - 0x00007ffc21f9b000 	C:\WINDOWS\system32\mswsock.dll
0x00007ffc150e0000 - 0x00007ffc150f6000 	C:\Program Files\Android\Android Studio\jbr\bin\nio.dll
0x00007ffc0cba0000 - 0x00007ffc0cbb0000 	C:\Program Files\Android\Android Studio\jbr\bin\verify.dll
0x00007ffc0aa50000 - 0x00007ffc0aa77000 	C:\Users\Lenovo\.gradle\native\1def1411415f61bf3af743bc5b6707747c0891f09f0c88961ee8f79bc544acac\windows-amd64\native-platform.dll
0x00007ffc01910000 - 0x00007ffc01988000 	C:\Users\Lenovo\.gradle\native\0.2.7\x86_64-windows-gnu\gradle-fileevents.dll
0x00007ffc12df0000 - 0x00007ffc12df9000 	C:\Program Files\Android\Android Studio\jbr\bin\management.dll
0x00007ffc12b50000 - 0x00007ffc12b5b000 	C:\Program Files\Android\Android Studio\jbr\bin\management_ext.dll
0x00007ffc25520000 - 0x00007ffc25528000 	C:\WINDOWS\System32\PSAPI.DLL
0x00007ffc213d0000 - 0x00007ffc21404000 	C:\WINDOWS\SYSTEM32\IPHLPAPI.DLL
0x00007ffc25530000 - 0x00007ffc2553a000 	C:\WINDOWS\System32\NSI.dll
0x00007ffc12e00000 - 0x00007ffc12e09000 	C:\Program Files\Android\Android Studio\jbr\bin\extnet.dll
0x00007ffc22320000 - 0x00007ffc2233b000 	C:\WINDOWS\SYSTEM32\CRYPTSP.dll
0x00007ffc21940000 - 0x00007ffc2197a000 	C:\WINDOWS\system32\rsaenh.dll
0x00007ffc21fe0000 - 0x00007ffc2200b000 	C:\WINDOWS\SYSTEM32\USERENV.dll
0x00007ffc22b60000 - 0x00007ffc22b8a000 	C:\WINDOWS\SYSTEM32\bcrypt.dll
0x00007ffc22180000 - 0x00007ffc2218c000 	C:\WINDOWS\SYSTEM32\CRYPTBASE.dll
0x00007ffbfd070000 - 0x00007ffbfd078000 	C:\WINDOWS\system32\wshunix.dll

JVMTI agents:
C:\Users\Lenovo\.gradle\wrapper\dists\gradle-8.13-bin\5xuhj0ry160q40clulazy9h7d\gradle-8.13\lib\agents\gradle-instrumentation-agent-8.13.jar path:C:\Program Files\Android\Android Studio\jbr\bin\instrument.dll, loaded, initialized, instrumentlib options:none

dbghelp: loaded successfully - version: 4.0.5 - missing functions: none
symbol engine: initialized successfully - sym options: 0x614 - pdb path: .;C:\Program Files\Android\Android Studio\jbr\bin;C:\WINDOWS\SYSTEM32;C:\WINDOWS\WinSxS\amd64_microsoft.windows.common-controls_6595b64144ccf1df_6.0.26100.7309_none_3e05feeae336a044;C:\Program Files\Android\Android Studio\jbr\bin\server;C:\Users\Lenovo\.gradle\native\1def1411415f61bf3af743bc5b6707747c0891f09f0c88961ee8f79bc544acac\windows-amd64;C:\Users\Lenovo\.gradle\native\0.2.7\x86_64-windows-gnu

VM Arguments:
jvm_args: --add-opens=java.base/java.lang=ALL-UNNAMED --add-opens=java.base/java.lang.invoke=ALL-UNNAMED --add-opens=java.base/java.util=ALL-UNNAMED --add-opens=java.prefs/java.util.prefs=ALL-UNNAMED --add-exports=jdk.compiler/com.sun.tools.javac.api=ALL-UNNAMED --add-exports=jdk.compiler/com.sun.tools.javac.util=ALL-UNNAMED --add-opens=java.base/java.util=ALL-UNNAMED --add-opens=java.prefs/java.util.prefs=ALL-UNNAMED --add-opens=java.base/java.nio.charset=ALL-UNNAMED --add-opens=java.base/java.net=ALL-UNNAMED --add-opens=java.base/java.util.concurrent.atomic=ALL-UNNAMED --add-opens=java.xml/javax.xml.namespace=ALL-UNNAMED -Xmx2048m -Dfile.encoding=UTF-8 -Duser.country=US -Duser.language=en -Duser.variant -javaagent:C:\Users\Lenovo\.gradle\wrapper\dists\gradle-8.13-bin\5xuhj0ry160q40clulazy9h7d\gradle-8.13\lib\agents\gradle-instrumentation-agent-8.13.jar 
java_command: org.gradle.launcher.daemon.bootstrap.GradleDaemon 8.13
java_class_path (initial): C:\Users\Lenovo\.gradle\wrapper\dists\gradle-8.13-bin\5xuhj0ry160q40clulazy9h7d\gradle-8.13\lib\gradle-daemon-main-8.13.jar
Launcher Type: SUN_STANDARD

[Global flags]
     intx CICompilerCount                          = 4                                         {product} {ergonomic}
     uint ConcGCThreads                            = 2                                         {product} {ergonomic}
     uint G1ConcRefinementThreads                  = 8                                         {product} {ergonomic}
   size_t G1HeapRegionSize                         = 1048576                                   {product} {ergonomic}
    uintx GCDrainStackTargetSize                   = 64                                        {product} {ergonomic}
   size_t InitialHeapSize                          = 96468992                                  {product} {ergonomic}
   size_t MarkStackSize                            = 4194304                                   {product} {ergonomic}
   size_t MaxHeapSize                              = 2147483648                                {product} {command line}
   size_t MaxNewSize                               = 1287651328                                {product} {ergonomic}
   size_t MinHeapDeltaBytes                        = 1048576                                   {product} {ergonomic}
   size_t MinHeapSize                              = 8388608                                   {product} {ergonomic}
    uintx NonNMethodCodeHeapSize                   = 5839372                                {pd product} {ergonomic}
    uintx NonProfiledCodeHeapSize                  = 122909434                              {pd product} {ergonomic}
    uintx ProfiledCodeHeapSize                     = 122909434                              {pd product} {ergonomic}
    uintx ReservedCodeCacheSize                    = 251658240                              {pd product} {ergonomic}
     bool SegmentedCodeCache                       = true                                      {product} {ergonomic}
   size_t SoftMaxHeapSize                          = 2147483648                             {manageable} {ergonomic}
     bool UseCompressedOops                        = true                           {product lp64_product} {ergonomic}
     bool UseG1GC                                  = true                                      {product} {ergonomic}
     bool UseLargePagesIndividualAllocation        = false                                  {pd product} {ergonomic}

Logging:
Log output configuration:
 #0: stdout all=warning uptime,level,tags foldmultilines=false
 #1: stderr all=off uptime,level,tags foldmultilines=false

Environment Variables:
PATH=C:\Program Files\Common Files\Oracle\Java\javapath;C:\WINDOWS\system32;C:\WINDOWS;C:\WINDOWS\System32\Wbem;C:\WINDOWS\System32\WindowsPowerShell\v1.0\;C:\WINDOWS\System32\OpenSSH\;C:\Program Files\Git\cmd;C:\Users\Lenovo\AppData\Local\Programs\Python\Python313\Scripts\;C:\Users\Lenovo\AppData\Local\Programs\Python\Python313\;C:\Program Files\MySQL\MySQL Shell 8.0\bin\;C:\Users\Lenovo\AppData\Local\Microsoft\WindowsApps;C:\Users\Lenovo\AppData\Local\Programs\Microsoft VS Code\bin;D:\cursor\resources\app\bin;
USERNAME=Lenovo
OS=Windows_NT
PROCESSOR_IDENTIFIER=AMD64 Family 23 Model 160 Stepping 0, AuthenticAMD
TMP=C:\Users\Lenovo\AppData\Local\Temp
TEMP=C:\Users\Lenovo\AppData\Local\Temp




Periodic native trim disabled

JNI global refs:
JNI global refs: 27, weak refs: 0

JNI global refs memory usage: 835, weak refs: 833

Process memory usage:
Resident Set Size: 265052K (4% of 6018300K total physical memory with 249444K free physical memory)

OOME stack traces (most recent first):
Classloader memory used:
Loader org.gradle.internal.classloader.VisitableURLClassLoader                         : 37545K
Loader bootstrap                                                                       : 23834K
Loader org.gradle.initialization.MixInLegacyTypesClassLoader                           : 11039K
Loader org.gradle.internal.classloader.VisitableURLClassLoader$InstrumentingVisitableURLClassLoader: 2007K
Loader jdk.internal.loader.ClassLoaders$PlatformClassLoader                            : 500K
Loader jdk.internal.loader.ClassLoaders$AppClassLoader                                 : 235K
Loader org.gradle.internal.classloader.VisitableURLClassLoader                         : 180K
Loader jdk.internal.reflect.DelegatingClassLoader                                      : 158K
Loader org.gradle.groovy.scripts.internal.DefaultScriptCompilationHandler$ScriptClassLoader: 123K
Loader org.codehaus.groovy.runtime.callsite.CallSiteClassLoader                        : 17200B

Classes loaded by more than one classloader:
Class Program                                                                         : loaded 4 times (x 74B)
Class org.gradle.internal.classloader.FilteringClassLoader                            : loaded 2 times (x 105B)
Class org.gradle.internal.classloader.ClassLoaderHierarchy                            : loaded 2 times (x 70B)
Class com.google.common.collect.ImmutableList$1                                       : loaded 2 times (x 97B)
Class org.gradle.api.internal.classpath.ManifestUtil                                  : loaded 2 times (x 71B)
Class com.google.common.collect.RegularImmutableMap                                   : loaded 2 times (x 121B)
Class com.google.common.collect.ImmutableMap$MapViewOfValuesAsSingletonSets           : loaded 2 times (x 126B)
Class com.google.common.collect.UnmodifiableListIterator                              : loaded 2 times (x 95B)
Class org.gradle.internal.classloader.DefaultClassLoaderFactory                       : loaded 2 times (x 82B)
Class org.gradle.internal.classloader.ClassLoaderVisitor                              : loaded 2 times (x 76B)
Class [Lcom.google.common.collect.ImmutableMapEntry;                                  : loaded 2 times (x 69B)
Class org.gradle.api.internal.classpath.EffectiveClassPath                            : loaded 2 times (x 90B)
Class org.gradle.api.internal.DefaultClassPathProvider                                : loaded 2 times (x 76B)
Class [Lorg.gradle.api.internal.ClassPathProvider;                                    : loaded 2 times (x 69B)
Class org.gradle.api.internal.ClassPathProvider                                       : loaded 2 times (x 70B)
Class org.gradle.internal.service.UnknownServiceException                             : loaded 2 times (x 83B)
Class org.gradle.internal.classpath.TransformedClassPath                              : loaded 2 times (x 96B)
Class org.gradle.internal.classloader.InstrumentingClassLoader                        : loaded 2 times (x 70B)
Class com.google.common.collect.Iterators$ArrayItr                                    : loaded 2 times (x 97B)
Class com.google.common.collect.ImmutableCollection$Builder                           : loaded 2 times (x 76B)
Class com.google.common.collect.UnmodifiableIterator                                  : loaded 2 times (x 80B)
Class org.gradle.internal.service.ServiceLocator                                      : loaded 2 times (x 70B)
Class com.google.common.collect.AbstractMapEntry                                      : loaded 2 times (x 81B)
Class ijJvmDebugger1_17ye2n80pjznkc3e2k4a5tn7d$_run_closure1$_closure2                : loaded 2 times (x 140B)
Class com.google.common.collect.RegularImmutableAsList                                : loaded 2 times (x 217B)
Class com.google.common.collect.Iterators                                             : loaded 2 times (x 71B)
Class org.gradle.kotlin.dsl.VersionCatalogAccessorsKt                                 : loaded 2 times (x 71B)
Class org.gradle.internal.InternalTransformer                                         : loaded 2 times (x 70B)
Class org.gradle.internal.classloader.ClasspathUtil$1                                 : loaded 2 times (x 76B)
Class com.google.common.collect.IndexedImmutableSet                                   : loaded 2 times (x 152B)
Class com.google.common.collect.ImmutableMap$1                                        : loaded 2 times (x 81B)
Class com.google.common.collect.BiMap                                                 : loaded 2 times (x 70B)
Class org.gradle.api.internal.classpath.DefaultModuleRegistry$DefaultModule           : loaded 2 times (x 86B)
Class com.google.common.collect.AbstractIterator                                      : loaded 2 times (x 82B)
Class com.google.common.collect.AbstractIndexedListIterator                           : loaded 2 times (x 96B)
Class com.google.common.math.MathPreconditions                                        : loaded 2 times (x 71B)
Class com.google.common.collect.ImmutableMapEntrySet                                  : loaded 2 times (x 152B)
Class org.gradle.api.internal.classpath.Module                                        : loaded 2 times (x 70B)
Class org.gradle.api.internal.classpath.UnknownModuleException                        : loaded 2 times (x 82B)
Class com.google.common.collect.ImmutableMap$Builder                                  : loaded 2 times (x 82B)
Class org.gradle.api.internal.DefaultClassPathRegistry                                : loaded 2 times (x 76B)
Class org.gradle.api.internal.ClassPathRegistry                                       : loaded 2 times (x 70B)
Class org.gradle.internal.classpath.DefaultClassPath$ImmutableUniqueList              : loaded 2 times (x 199B)
Class com.google.common.collect.SingletonImmutableList                                : loaded 2 times (x 207B)
Class com.google.common.collect.RegularImmutableMap$KeySet                            : loaded 2 times (x 152B)
Class Settings_gradle$1                                                               : loaded 2 times (x 74B)
Class org.gradle.internal.classpath.ClassPath                                         : loaded 2 times (x 70B)
Class org.gradle.api.UncheckedIOException                                             : loaded 2 times (x 82B)
Class com.google.common.collect.ImmutableList$ReverseImmutableList                    : loaded 2 times (x 209B)
Class com.google.common.collect.Iterators$1                                           : loaded 2 times (x 81B)
Class com.google.common.collect.SingletonImmutableSet                                 : loaded 2 times (x 146B)
Class com.google.common.collect.ImmutableMap$IteratorBasedImmutableMap                : loaded 2 times (x 126B)
Class ijKotlinCoroutineJvmDebugInit1_f32c06co82uw578oic4cazck8$_run_closure1          : loaded 2 times (x 139B)
Class com.google.common.collect.Iterators$4                                           : loaded 2 times (x 82B)
Class com.google.common.collect.ImmutableBiMap                                        : loaded 2 times (x 143B)
Class org.gradle.internal.installation.GradleInstallation$1                           : loaded 2 times (x 75B)
Class org.gradle.api.internal.classpath.ModuleRegistry                                : loaded 2 times (x 70B)
Class com.google.common.collect.Iterators$5                                           : loaded 2 times (x 82B)
Class com.google.common.collect.ImmutableSet$JdkBackedSetBuilderImpl                  : loaded 2 times (x 76B)
Class com.google.common.collect.ImmutableCollection                                   : loaded 2 times (x 125B)
Class org.gradle.api.internal.classpath.DefaultModuleRegistry                         : loaded 2 times (x 86B)
Class com.google.common.collect.ImmutableSet$CachingAsList                            : loaded 2 times (x 148B)
Class com.google.common.collect.Iterators$9                                           : loaded 2 times (x 81B)
Class com.google.common.collect.ImmutableAsList                                       : loaded 2 times (x 209B)
Class org.gradle.internal.service.ServiceLookupException                              : loaded 2 times (x 82B)
Class ijJvmDebugger1_17ye2n80pjznkc3e2k4a5tn7d$_run_closure1                          : loaded 2 times (x 139B)
Class org.gradle.internal.classloader.ClassLoaderFactory                              : loaded 2 times (x 70B)
Class org.gradle.internal.service.CachingServiceLocator                               : loaded 2 times (x 82B)
Class com.google.common.math.IntMath                                                  : loaded 2 times (x 71B)
Class com.google.common.collect.ImmutableMapEntry                                     : loaded 2 times (x 85B)
Class com.google.common.collect.ImmutableMapEntry$NonTerminalImmutableMapEntry        : loaded 2 times (x 85B)
Class com.google.common.collect.RegularImmutableList                                  : loaded 2 times (x 213B)
Class org.gradle.internal.classloader.ClasspathUtil                                   : loaded 2 times (x 71B)
Class ijJvmDebugger1_17ye2n80pjznkc3e2k4a5tn7d                                        : loaded 2 times (x 179B)
Class org.gradle.api.specs.Spec                                                       : loaded 2 times (x 70B)
Class [Lcom.google.common.collect.ImmutableEntry;                                     : loaded 2 times (x 69B)
Class Build_gradle$1                                                                  : loaded 2 times (x 78B)
Class ijKotlinCoroutineJvmDebugInit1_f32c06co82uw578oic4cazck8$_run_closure1$_closure2: loaded 2 times (x 139B)
Class org.gradle.internal.classloader.VisitableURLClassLoader$InstrumentingVisitableURLClassLoader: loaded 2 times (x 123B)
Class com.google.common.math.IntMath$1                                                : loaded 2 times (x 71B)
Class org.gradle.internal.classloader.VisitableURLClassLoader$Spec                    : loaded 2 times (x 74B)
Class org.gradle.internal.classpath.DefaultClassPath                                  : loaded 2 times (x 90B)
Class com.google.common.collect.RegularImmutableMap$Values                            : loaded 2 times (x 207B)
Class com.google.common.collect.ImmutableSet                                          : loaded 2 times (x 145B)
Class org.gradle.internal.classloader.ClassLoaderSpec                                 : loaded 2 times (x 71B)
Class Settings_gradle$1$1                                                             : loaded 2 times (x 74B)
Class org.gradle.internal.classloader.VisitableURLClassLoader                         : loaded 2 times (x 117B)
Class Settings_gradle                                                                 : loaded 2 times (x 128B)
Class org.gradle.internal.Cast                                                        : loaded 2 times (x 71B)
Class org.gradle.api.Action                                                           : loaded 2 times (x 70B)
Class com.google.common.collect.ImmutableMap                                          : loaded 2 times (x 120B)
Class org.gradle.internal.classpath.DefaultClassPath$ImmutableUniqueList$Builder      : loaded 2 times (x 75B)
Class [Lcom.google.common.collect.AbstractMapEntry;                                   : loaded 2 times (x 69B)
Class com.google.common.collect.ImmutableEntry                                        : loaded 2 times (x 82B)
Class org.gradle.api.GradleException                                                  : loaded 2 times (x 82B)
Class com.google.common.collect.CollectPreconditions                                  : loaded 2 times (x 71B)
Class org.gradle.internal.IoActions                                                   : loaded 2 times (x 71B)
Class com.google.common.collect.ImmutableSet$RegularSetBuilderImpl                    : loaded 2 times (x 77B)
Class org.gradle.internal.classloader.SystemClassLoaderSpec                           : loaded 2 times (x 71B)
Class com.google.common.collect.RegularImmutableMap$BucketOverflowException           : loaded 2 times (x 82B)
Class com.google.common.collect.Hashing                                               : loaded 2 times (x 71B)
Class com.google.common.base.Preconditions                                            : loaded 2 times (x 71B)
Class com.google.common.collect.PeekingIterator                                       : loaded 2 times (x 70B)
Class ijKotlinCoroutineJvmDebugInit1_f32c06co82uw578oic4cazck8                        : loaded 2 times (x 179B)
Class org.gradle.api.internal.classpath.GlobalCacheRootsProvider                      : loaded 2 times (x 70B)
Class com.google.common.collect.ImmutableMapEntrySet$RegularEntrySet                  : loaded 2 times (x 152B)
Class com.google.common.collect.ImmutableSet$Builder                                  : loaded 2 times (x 85B)
Class Build_gradle                                                                    : loaded 2 times (x 72B)
Class org.gradle.internal.installation.CurrentGradleInstallationLocator               : loaded 2 times (x 71B)
Class com.google.common.collect.ImmutableSet$EmptySetBuilderImpl                      : loaded 2 times (x 76B)
Class com.google.common.collect.ImmutableList                                         : loaded 2 times (x 206B)
Class org.gradle.internal.service.DefaultServiceLocator                               : loaded 2 times (x 83B)
Class com.google.common.collect.ImmutableSet$SetBuilderImpl                           : loaded 2 times (x 76B)
Class org.gradle.internal.installation.CurrentGradleInstallation                      : loaded 2 times (x 73B)
Class com.google.common.collect.ImmutableList$SubList                                 : loaded 2 times (x 209B)
Class org.gradle.util.internal.GUtil                                                  : loaded 2 times (x 71B)
Class com.google.common.collect.Iterators$MergingIterator                             : loaded 2 times (x 81B)
Class com.google.common.collect.RegularImmutableSet                                   : loaded 2 times (x 149B)
Class org.gradle.internal.installation.GradleInstallation                             : loaded 2 times (x 75B)
Class com.google.common.collect.Iterables                                             : loaded 2 times (x 71B)

---------------  S Y S T E M  ---------------

OS:
 Windows 11 , 64 bit Build 26100 (10.0.26100.7309)
OS uptime: 8 days 7:26 hours
Hyper-V role detected

CPU: total 8 (initial active 8) (8 cores per cpu, 2 threads per core) family 23 model 160 stepping 0 microcode 0x8a00006, cx8, cmov, fxsr, ht, mmx, 3dnowpref, sse, sse2, sse3, ssse3, sse4a, sse4.1, sse4.2, popcnt, lzcnt, tsc, tscinvbit, avx, avx2, aes, clmul, bmi1, bmi2, adx, sha, fma, vzeroupper, clflush, clflushopt, hv, rdtscp, rdpid, f16c
Processor Information for the first 8 processors :
  Max Mhz: 2801, Current Mhz: 2801, Mhz Limit: 2801

Memory: 4k page, system-wide physical 5877M (243M free)
TotalPageFile size 24309M (AvailPageFile size 8M)
current process WorkingSet (physical memory assigned to process): 259M, peak: 263M
current process commit charge ("private bytes"): 349M, peak: 417M

vm_info: OpenJDK 64-Bit Server VM (21.0.8+-14018985-b1038.68) for windows-amd64 JRE (21.0.8+-14018985-b1038.68), built on 2025-08-29T19:56:34Z by "builder" with MS VC++ 16.10 / 16.11 (VS2019)

END.
